<?xml version="1.0" encoding="UTF-8"?>
<robot generator="Robot 6.0.2 (Python 3.10.10 on win32)" generated="20230304 22:24:26.816" rpa="false" schemaversion="3">
<suite id="s1" name="Automationprogramming" source="E:\MyLearnings\ProjectWork\automationprogramming">
<suite id="s1-s1" name="Robocorp" source="E:\MyLearnings\ProjectWork\automationprogramming\robocorp">
<suite id="s1-s1-s1" name="One" source="E:\MyLearnings\ProjectWork\automationprogramming\robocorp\one.robot">
<test id="s1-s1-s1-t1" name="Open the website" line="69">
<kw name="Open the intranet website">
<kw name="Open Browser" library="Selenium2Library">
<arg>${URL}</arg>
<doc>Opens a new browser instance to the optional ``url``.</doc>
<msg timestamp="20230304 22:24:28.677" level="INFO">Opening browser 'firefox' to base url 'https://robotsparebinindustries.com/'.</msg>
<msg timestamp="20230304 22:24:28.680" level="INFO">Firefox driver log is always forced to to: E:\MyLearnings\ProjectWork\automationprogramming\results\geckodriver-3.log</msg>
<status status="PASS" starttime="20230304 22:24:28.676" endtime="20230304 22:24:38.327"/>
</kw>
<status status="PASS" starttime="20230304 22:24:28.675" endtime="20230304 22:24:38.329"/>
</kw>
<kw name="Log In">
<kw name="Input Text" library="Selenium2Library">
<arg>username</arg>
<arg>maria</arg>
<doc>Types the given ``text`` into the text field identified by ``locator``.</doc>
<msg timestamp="20230304 22:24:38.337" level="INFO">Typing text 'maria' into text field 'username'.</msg>
<status status="PASS" starttime="20230304 22:24:38.335" endtime="20230304 22:24:38.620"/>
</kw>
<kw name="Input Password" library="Selenium2Library">
<arg>password</arg>
<arg>thoushallnotpass</arg>
<doc>Types the given password into the text field identified by ``locator``.</doc>
<msg timestamp="20230304 22:24:38.622" level="INFO">Typing password into text field 'password'.</msg>
<msg timestamp="20230304 22:24:38.654" level="INFO">Temporally setting log level to: NONE</msg>
<msg timestamp="20230304 22:24:38.739" level="INFO">Log level changed from NONE to INFO.</msg>
<status status="PASS" starttime="20230304 22:24:38.621" endtime="20230304 22:24:38.740"/>
</kw>
<kw name="Submit Form" library="Selenium2Library">
<doc>Submits a form identified by ``locator``.</doc>
<msg timestamp="20230304 22:24:38.743" level="INFO">Submitting form 'None'.</msg>
<status status="PASS" starttime="20230304 22:24:38.740" endtime="20230304 22:24:38.775"/>
</kw>
<kw name="Wait Until Page Contains Element" library="Selenium2Library">
<arg>id:sales-form</arg>
<doc>Waits until the element ``locator`` appears on the current page.</doc>
<status status="PASS" starttime="20230304 22:24:38.777" endtime="20230304 22:24:41.364"/>
</kw>
<status status="PASS" starttime="20230304 22:24:38.333" endtime="20230304 22:24:41.364"/>
</kw>
<kw name="Download the Excel file">
<kw name="Create Session" library="RequestsLibrary">
<arg>test</arg>
<arg>https://robotsparebinindustries.com/</arg>
<doc>Create Session: create a HTTP session to a server</doc>
<msg timestamp="20230304 22:24:41.366" level="INFO">Creating Session using : alias=test, url=https://robotsparebinindustries.com/, headers={},                     cookies={}, auth=None, timeout=None, proxies=None, verify=False,                     debug=0 </msg>
<status status="PASS" starttime="20230304 22:24:41.366" endtime="20230304 22:24:41.367"/>
</kw>
<kw name="Get Request" library="RequestsLibrary">
<var>${response}</var>
<arg>test</arg>
<arg>https://robotsparebinindustries.com/SalesData.xlsx</arg>
<doc>*DEPRECATED* Please use `GET On Session` instead.</doc>
<msg timestamp="20230304 22:24:41.368" level="WARN">Keyword 'RequestsLibrary.Get Request' is deprecated. Please use `GET On Session` instead.</msg>
<msg timestamp="20230304 22:24:42.184" level="INFO">GET Request : url=https://robotsparebinindustries.com/SalesData.xlsx 
 path_url=/SalesData.xlsx 
 headers={'User-Agent': 'python-requests/2.28.2', 'Accept-Encoding': 'gzip, deflate', 'Accept': '*/*', 'Connection': 'keep-alive'} 
 body=None 
 </msg>
<msg timestamp="20230304 22:24:42.326" level="INFO">GET Response : url=https://robotsparebinindustries.com/SalesData.xlsx 
 status=200, reason=OK 
 headers={'Connection': 'keep-alive', 'Content-Length': '7949', 'Server': 'GitHub.com', 'Content-Type': 'application/vnd.openxmlformats-officedocument.spreadsheetml.sheet', 'Last-Modified': 'Fri, 13 Aug 2021 11:27:04 GMT', 'Access-Control-Allow-Origin': '*', 'Strict-Transport-Security': 'max-age=31556952', 'ETag': '"61165708-1f0d"', 'expires': 'Sat, 04 Mar 2023 11:15:09 GMT', 'Cache-Control': 'max-age=600', 'x-proxy-cache': 'MISS', 'X-GitHub-Request-Id': 'A028:23A5:3463C:4951B:640325E5', 'Accept-Ranges': 'bytes', 'Date': 'Sat, 04 Mar 2023 16:54:42 GMT', 'Via': '1.1 varnish', 'Age': '102', 'X-Served-By': 'cache-ccu830032-CCU', 'X-Cache': 'HIT', 'X-Cache-Hits': '1', 'X-Timer': 'S1677948882.041295,VS0,VE1', 'Vary': 'Accept-Encoding', 'X-Fastly-Request-ID': '3f22e7725ef714a43580ece35cd482ec9246ec9e'} 
 body=PKTC�P��U��;_rels/.rels���j�0��}
�{���1F�^Ơ�2��l%1�-#�[��3��JlGI������aR���Sl�����h���7�������v�{��H�����J'�F"� ���%���#e������u}����S\���6Z�����8#,1��6��\��{�F;�ǲΟ���5\��^���[| {�΂ѡ��dR�ft�F�ķ�&lt;���B4~�����PKTC�P!��docProps/core.xmlm�Mk�@D��
���n Y��SI`�C��a��;~&amp;��K�E�z�y��Z~Sd�]�ںQ%9��qs�&gt;ޟ�'5�C�&gt;�k��2�wz����q!��΄�姏VK�q���g�S�&lt;�%ѓ��*FuWNx(�W\w��@+Yr���-��B�򿃽9ȍ�A�����s�Q����~�2�E;$C�PKTC�P���/��docProps/app.xml���
�0�{�"�ަz)������lڀ��Z��|��0���br��&lt;T����å���R����5R����L�\�C�T�+�9U���X�~���Z�a$�􀬎u}R�3�S�(�b��!�����+dO��PKTC�P����rxl/workbook.xml�OAn� ��h�	�J#�2�Uͽm�Ԭ�a-�u��G�z쉙Yfv��_���1&amp;GA��F�Вq�������`�V�D��Itf�{Hu�`sk�Sk�봡C�u�΅ƞS׹�~y�?
���˪dݘ�����4F�&amp;Y��[��.�j��&gt;NI�K^)��\04I(�,x[�4�3ٖ���ww�]os+Q	������˂�(�謁����X���lg�b�K5��PKTC�P�[��xl/_rels/workbook.xml.rels���j�0��y
��ZvZJ)�s	�\�����LlIh�?y�nSHb��Č�3��V��qP�����@U��0����3�{�{�u�X��`Y���)�	d�3�g��y-1a��6�Ѳ���d��v��e���eԓL�m�mS���';�m�p�ǈ��Th�6c��Y.Cls�l`b�
�:�rV&gt;xIqԷ���g��s�Q���-��9�bޓG�3���}-YN0z����PKTC�PYȻ���Uxl/theme/theme1.xml�\�n�8}�Wz]��lɗ�N'kt��5�,���)[EiI:M��;��M�v��{Hr���P:y��6a�2N���޹�Ey��c���_-�N��oޓ#��	�����[��#Ǒ!d�.�(��(	Q�g-�7h%a��uGNBbn��S�Q��,w	�*oDPF�Tn�L�'	��_�&gt;.;�'����!���y�������)�a3�5/�9~�T����y���tp'c�����uq�P�����!����_L��Y�m�r�����~�h��O��y0m�5���'��?��~��������Z��Ə��OG~o@[����f��D)��_,��4�������5��zrK�e4"!�&gt;RvCU�3�Q��Q� ��=�I�~j�N�&lt;�X�A[E1c���siz+S��i�R55��B]��ȖH�?��^nIj&lt;�a#��7��R	���m&lt;F�U�˥h�&gt;��&lt;{�t	U3&amp;��MEC��S���S���'j�~m��ڜ�5aYXDo	�h���dH]k�����S乍9ڒ5��n��L������/cd�cd���o��o�̓A`[!�fv��$��$��a��C���7�i?�&lt;�?d���LHuF�6�e������������^'�/셳?�4�h���I(��-}y��׳�f�;}��m�����}�c:}^����#�S�TF���@�X���گ��}�򑖚�o'�(���y��n�g� ���݆������c����æv�K�i&lt;ÙT�X�����3xBܱ&lt;Gf�ʅ��򃇧���i���p��H�;�n:��cӣ��xV��n)45�,���?'R-� ������G�RGZH��M�}_���QJm��������֖*Q
�R��4eF1�ƈ�&gt;%3I	���[�.�f��Ւ��T��O���̂����FKuBĹi�#�|6�U���������|���EGDN��N�&gt;���6�[x��f��a�=��0�g�;�N1/�.�,N�%��'�zW��v@��['�/�+Qx���S#*�*i�s��"��#5	�fU�t%��o%�k��.�9`@��㮬r�K�$����:H��{������f}�Ӈ�`+�т���NgC�?Z���L�)u%=GI]���%�2sk��`��W�������w�d�"1
��#ȑ&gt;�j��#ȑ&gt;�k����HG��#r9�Ǒ���9���Ȩ��9���ȸ��9���Ȥ��9����4+�F�W��4���ma���a?/W�A���&lt;c�����`uA���MAe�ؿ�E9���~0���E@Q�j�&lt;�B���B ���]����H�#G0@��=r���#G0@��=r9�z�����������7w�T+*,'�ȸ6��i����_��F��|��#��#G0���@&gt;r���#G0���@���E�������_���PKTC�P��ӹ1xl/worksheets/sheet1.xml��_s����)4z�Sb�	ndgb3N:M��t�&gt;k-��D���o_����=#tl�&lt;qt�ß����v��k��z;W7�|V��u�������n���W˷����R��������K�&gt;,ǧ�r�:�ԇr����n�v����l�����N�r�.t����ܮ��ZǗ�p���Ŵu&lt;4�j=ta��ڭ���n������Ϛrs;�A}x�z��[�W��q���w���7����w��/��OM���ڗ�aϺܬN۶��Po�έ�[\@��C?6�gt��T���v�nu�.m�^��\V�/mז�I糧ӱ�w�}�Y}j�]~)_�m�:2�׵�����To���ٮ���V��Ƌ��Fe*וּ�ݖÑ�r�Ωs+���|�������*�&lt;�����|y�9�l.'S}�=��^Nv}�mlϳ�O.%g��6c���X���eS�͆;e64�]�"w��5?t�n�{���~�|�K��׾ճ��W&lt;�B���+~T�1&gt;�~���;CW��J�u�]����p=�\��2Wz8��\�r��bz���s4Ͼ8w8pD1�h��|�f��"c�h8����F)���)Ȣ)�(`�Ę2P�L�"g�̤�2�},������G����$H�e�e�s���-|���rW6�*�q�B�s�	{`�i%(�f��
��D��T0�Řʰ&lt;$	O�lZ�.�v�@�ʸ�,��ŸrX��'��*��ZL��B�����O9��� �A�O�9I�_������6"l�*V/_A��d�`i�斿~=E"쬘x;�̩(s
*�yfHJy/-e�d�;�T�]_(���C���P�+L���I��pS*�E
AB��4&lt;C�ɗ�O��N2��B����C!Ph�%�����b�!����@��B䡢�C!Xĉ��8��B��4�'�����(Q�q"h NR?	��[�SHo�B��@D!f����0�|��..�9_"�	�GTHT�(��&lt;4�'S��:��d�	�d�D��DE��B� HAi���Kr�r�wx�B|���D#{(�����G�䎿�tr�p�D��DGщF�0&lt;N$����K,���W��NtNt���0���@&lt;8Q�Y&gt;\�)R!+5���DG��F�0&lt;L$폅h�[ߡ��:�!:�Qt��&lt;�I��D{t�Qeƽy�p@':D':�N4���04&amp;�Ї2)�_!��4��቎���a!O��&gt;��y��Љщ����a!M�IưR�P*|�4�NtNt�hy"h O��E��s׆�NtNt�ha"h L&lt;��3�8��
�6�!6�(6!䎔ǉ��qBS�piʩ� ^�q`
�	E�	!w�&lt;K$���C�#��/�88��P����|/ix��=��ܔ�@��6��M��0G�4��i�&lt;M�&amp;0OC�F�	gjBlBQlB�)�I�ㄼ	�D�,�'p�=	lB!6�(6!��D�@�X&gt;����%R�M(�&amp;�&amp;�ܑA��o�D���T]:!�
�	E�	!xd�&amp;��ć��p)�ˮV�	������&lt;2A�⍜��%�| �
�	E�	!xd�&amp;���!g&lt;rW�u�Btb��� y8(�������0��\�0@'&amp;D'&amp;�N�_Ep/ix�=Ҏ��X��
'�Ą��D��A�p&lt;N$�3e�9���'�%k'&amp;'&amp;
N���Y"ix�NT�����\��1'&amp;��$n!�����XL�!�&lt;q��p�JBtb��� y�&amp;���C�~��8{m"�����(819ĉ��8I��q�A��k뀀ML�ML���D�@����,�5&amp;�D�5�&amp;&amp;�&amp;&amp;�MrGy"h O&lt;����&lt;��������(61�9����0����0�`�#��Ą��F��E�P	,Q�D�H̓�&gt;V�	�׀8�!8�Qpb����ǉ(�ybٴM����$Ґ�&gt;�!&gt;�Q|bGP���=�z�]���}����to1YV|X=��X5���8ۖ��g�M��3vs�h�ð��s�v�E��j]6��;����}c1��ϲ=f��9���_O���|yS������a���yv|Z����9�G�B�l���};,����mVU;�����z�����^��o�e��h����ͻe�^���z�;|�0����S�~�s�}-��i5��&lt;���^&gt;���f&lt;6Ȕ~�}x�����ŗ��Z���m���PKTC�PS��Կ�	xl/sharedStrings.xmluVMoA��W .=5K���*B�GI ���G�ٵ�:3%��F�T��{�����^�v���$�����A�Ǿ
F|}�Y���_�.�)�^��W�����/��=��OW�&amp;��עHUÎ�eرW�&amp;DGYƺH��dRÜ�-&gt;�G���a��0��5�=9y4,Nֿ�%���L�S����Xs&gt;��h/��x�����:&gt;C���s�km�P	����B��o�Mp)a��a�ms��ֳ����{-�������ЎWJ$����)Z�}�&gt;c�K��&gt;Ϲy���m�4vCt|ʈS�:@�Y�E��9ad*���h��l��t��+�uG���h��I��R�xn\�%o!�1f��ckZg����sG��ûY�T����b����иs��DTA�8��܆�Z��Zo��S�"0��C�i�X��;PzS,��0����g���ܪ��]Pl�t)a&amp;O!I(㲄Tck�q����m]�ײِ?"8v��[F�ccPe��: ӡ
0y�Kb��u+B�-Nv]�����X�Z�V�vP/%��M#�_ہ�k��Bߡ$	���B���yu�/%�Â׭
`eu�����_�K$�S��"�t��K�L	��1�Orɨ�O\KW�OW��3�3���5�[���8ʪ�;�5����Ó���Т`.9�ѫ��yԤgZ�P�96��PKTC�Pä���xl/styles.xml�X[o�0~ﯰ����Pu������Vګ� �#�����J��jB�`��w�wr�]��*����2�,��a�3���q�io�+��JV�H�X������hEr\^�0�I�ȱTS���ǥv�)9��8c0��:_�_3��nE��~�T�X�9�I�F��&gt;��C?�E��~�&lt;c�p]mq��XL*�pgZ�pN�͝�jT뻇0z�;��Df�dMCy''Ӈp�osӕ�(�Vj
� �,%l�&amp;�?n
Un�YM�ؽ`�
�qG��%�Y��H�t\G�,k1^K��C�v�N�r�Al�y��1Q�M�Ò�X���!f��&gt;%�T�"KW�.y��&lt;W�8�)g���G��E��,��fEڮ0���D�X+�&amp;�!����B�O�n����Z�We򪊠���ލàĆ6ةlON���CD(}�h���-�J��g�qQ���:_�0�v+]p�_����}5!���R����O�%��9�8*	ܘ�C��u��eV����t�L�3�r\����ӻi�����#l��{4w��{�v �-p�H*�l�/��a2�2�2���&lt;�t۫CŻ���&amp;;��]�B���B�\L{]�K���b�|��LP}���wN�[)�o�x�s�TI�w�Ψ̘����Ya�U{r6Z����Fq����C�/Ǽ��ti�L�A��1�v��ث_s��q�_�F��9��!-?�9��̙zxԧ���Ӑ���i"�?�۫=j~Ծ���PKTC�P�܊��[Content_Types].xml���n�0E���(�*1tQU�Ei�-R��x��l��w
��@�I��{g�N2�6��j0�+9��� �@f�qY���G�O'��N��p���tN�b���� 1�+#��GSM�5-�&lt;�$Sҁt���d4��n*�7��"Go�u�jS�+�Q�i�$��lXKvR]�WY�d�Ɩ\��n����ā��J��a����R� ��a��y���0�:�Ih����gÜPu�Yd�{���g�T��������A7�mnr��e�p�Jۻ���7�pќ�I�d�Fi���@�\���z:�(�q8�^G����S�Sc�.�n*�Uf�Tj}�u`ȩ�\��%5������w/���:ܮ��Њ�qv�A��ux�+s���Z�ކw������?���/PK&gt;TC�P��U��;_rels/.relsPK&gt;TC�P!��docProps/core.xmlPK&gt;TC�P���/��docProps/app.xmlPK&gt;TC�P����r�xl/workbook.xmlPK&gt;TC�P�[��xl/_rels/workbook.xml.relsPK&gt;TC�PYȻ���U2xl/theme/theme1.xmlPK&gt;TC�P��ӹ1axl/worksheets/sheet1.xmlPK&gt;TC�PS��Կ�	dxl/sharedStrings.xmlPK&gt;TC�Pä���ixl/styles.xmlPK&gt;TC�P�܊���[Content_Types].xmlPK

�w 
 </msg>
<msg timestamp="20230304 22:24:42.328" level="INFO">C:\Users\Admin\AppData\Local\Programs\Python\Python310\lib\site-packages\urllib3\connectionpool.py:1045: InsecureRequestWarning: Unverified HTTPS request is being made to host 'robotsparebinindustries.com'. Adding certificate verification is strongly advised. See: https://urllib3.readthedocs.io/en/1.26.x/advanced-usage.html#ssl-warnings
  warnings.warn(</msg>
<msg timestamp="20230304 22:24:42.330" level="INFO">${response} = &lt;Response [200]&gt;</msg>
<status status="PASS" starttime="20230304 22:24:41.367" endtime="20230304 22:24:42.332"/>
</kw>
<kw name="Run Keyword And Continue On Failure" library="BuiltIn">
<arg>Should Be Equal As Numbers</arg>
<arg>${response.status_code}</arg>
<arg>200</arg>
<doc>Runs the keyword and continues execution even if a failure occurs.</doc>
<kw name="Should Be Equal As Numbers" library="BuiltIn">
<arg>${response.status_code}</arg>
<arg>200</arg>
<doc>Fails if objects are unequal after converting them to real numbers.</doc>
<msg timestamp="20230304 22:24:42.336" level="INFO">Argument types are:
&lt;class 'int'&gt;
&lt;class 'str'&gt;</msg>
<status status="PASS" starttime="20230304 22:24:42.334" endtime="20230304 22:24:42.346"/>
</kw>
<status status="PASS" starttime="20230304 22:24:42.333" endtime="20230304 22:24:42.346"/>
</kw>
<kw name="Create Binary File" library="OperatingSystem">
<arg>${EXECDIR}/robocorp/SalesData.xlsx</arg>
<arg>${response.content}</arg>
<doc>Creates a binary file with the given content.</doc>
<msg timestamp="20230304 22:24:42.349" level="INFO" html="true">Created binary file '&lt;a href="file://E:\MyLearnings\ProjectWork\automationprogramming\robocorp\SalesData.xlsx"&gt;E:\MyLearnings\ProjectWork\automationprogramming\robocorp\SalesData.xlsx&lt;/a&gt;'.</msg>
<status status="PASS" starttime="20230304 22:24:42.347" endtime="20230304 22:24:42.350"/>
</kw>
<status status="PASS" starttime="20230304 22:24:41.365" endtime="20230304 22:24:42.351"/>
</kw>
<kw name="Fill Sales Form using the data from the Excel file">
<kw name="Use excel handling">
<kw name="Open And Read Excel File" library="excelhandling">
<var>${excel_val}</var>
<arg>data</arg>
<arg>${EXCELFILE}</arg>
<msg timestamp="20230304 22:24:42.403" level="INFO">['David', 'Heazel', '80193', '30000']
['Conte', 'Mascetti', '141182', '35000']
['Dallon', 'Seals', '61456', '15000']
['Jocelyn', 'Thomsson', '99354', '95000']
['Yoko', 'Flecknell', '139701', '50000']
['Ninnette', 'Heinssen', '63808', '25000']
['Ahmed', 'Vasnetsov', '50211', '60000']
['Pearline', 'Fenton', '78556', '35000']
['Lelah', 'Yewdale', '122695', '100000']
['Belinda', 'Blumenthal', '115410', '70000']
['Antoni', 'Degoe', '106991', '75000']
['Donnamarie', 'Watts', '25924', '85000']
['Anabella', 'Blindermann', '43564', '85000']
['Fred', 'Mengoni', '131725', '5000']
['Nathanil', 'Bragg', '100336', '35000']
['Casar', 'Kubek', '143750', '100000']
['Myrtle', 'Puddle', '22729', '10000']
['Devi', 'Oag', '140919', '10000']
['Emyle', "O'Driscole", '70981', '10000']
['Mickie', 'Linbohm', '80516', '10000']
['Isaac', 'Asimov', '118852', '65000']
['Florence', 'Mundow', '122953', '10000']
['Mahalia', 'Goodee', '46997', '45000']
['Christy', 'Iwaszkiewicz', '91465', '100000']
['Madelyn', 'Sire', '66825', '60000']
['Thurstan', 'Karus', '131244', '50000']
['Bibi', 'Rosita', '94131', '30000']
['Abbe', 'Aldcorn', '97489', '60000']
['Ariadne', 'Kiessel', '86637', '70000']
['Tiffany', 'Emerine', '124313', '50000']
['Jelene', 'Pridden', '91489', '35000']
['Claus', 'Bawcock', '140602', '25000']
['Ameline', 'Olivello', '60101', '80000']
['Alikee', 'Kohtler', '141102', '15000']
['Cathleen', 'Tinklin', '113898', '35000']
['Flossie', 'Gurr', '111068', '85000']
['Milena', 'Gudeman', '24287', '45000']
['Bliss', 'Burgess', '138542', '35000']
['Donia', 'Messenbird', '52436', '75000']
['Jemie', 'Tunnacliffe', '64130', '50000']
['Gaylord', 'Uebel', '27872', '90000']
['Rufus', 'Bewlie', '119258', '85000']
['Jenine', 'Kidby', '133576', '60000']
['Hortensia', 'Leal', '29530', '70000']
['Regina', 'Gurling', '86186', '15000']
['Valenka', 'Tantrum', '137708', '65000']
['Dorie', 'Batistelli', '42450', '95000']
['Abra', 'Heap', '5937', '100000']
['Petronille', 'Lesor', '54805', '85000']
['Vincenty', 'Stannering', '109884', '30000']</msg>
<msg timestamp="20230304 22:24:42.408" level="INFO">${excel_val} = [['David', 'Heazel', '80193', '30000'], ['Conte', 'Mascetti', '141182', '35000'], ['Dallon', 'Seals', '61456', '15000'], ['Jocelyn', 'Thomsson', '99354', '95000'], ['Yoko', 'Flecknell', '139701', '500...</msg>
<status status="PASS" starttime="20230304 22:24:42.367" endtime="20230304 22:24:42.410"/>
</kw>
<kw name="Fill and submit the form for one person">
<arg>${excel_val}</arg>
<for flavor="IN ENUMERATE">
<var>${in}</var>
<var>${one_rep}</var>
<value>@{sales_rep}</value>
<iter>
<var name="${in}">0</var>
<var name="${one_rep}">['David', 'Heazel', '80193', '30000']</var>
<kw name="Input Text" library="Selenium2Library">
<arg>firstname</arg>
<arg>${one_rep}[0]</arg>
<doc>Types the given ``text`` into the text field identified by ``locator``.</doc>
<msg timestamp="20230304 22:24:42.416" level="INFO">Typing text 'David' into text field 'firstname'.</msg>
<status status="PASS" starttime="20230304 22:24:42.414" endtime="20230304 22:24:42.478"/>
</kw>
<kw name="Input Text" library="Selenium2Library">
<arg>lastname</arg>
<arg>${one_rep}[1]</arg>
<doc>Types the given ``text`` into the text field identified by ``locator``.</doc>
<msg timestamp="20230304 22:24:42.479" level="INFO">Typing text 'Heazel' into text field 'lastname'.</msg>
<status status="PASS" starttime="20230304 22:24:42.478" endtime="20230304 22:24:42.545"/>
</kw>
<kw name="Input Text" library="Selenium2Library">
<arg>salesresult</arg>
<arg>${one_rep}[2]</arg>
<doc>Types the given ``text`` into the text field identified by ``locator``.</doc>
<msg timestamp="20230304 22:24:42.547" level="INFO">Typing text '80193' into text field 'salesresult'.</msg>
<status status="PASS" starttime="20230304 22:24:42.545" endtime="20230304 22:24:42.611"/>
</kw>
<kw name="Select From List By Value" library="Selenium2Library">
<arg>salestarget</arg>
<arg>${one_rep}[3]</arg>
<doc>Selects options from selection list ``locator`` by ``values``.</doc>
<msg timestamp="20230304 22:24:42.612" level="INFO">Selecting options from selection list 'salestarget' by value 30000.</msg>
<status status="PASS" starttime="20230304 22:24:42.611" endtime="20230304 22:24:42.906"/>
</kw>
<kw name="Click Button" library="Selenium2Library">
<arg>Submit</arg>
<doc>Clicks the button identified by ``locator``.</doc>
<msg timestamp="20230304 22:24:42.908" level="INFO">Clicking button 'Submit'.</msg>
<status status="PASS" starttime="20230304 22:24:42.907" endtime="20230304 22:24:43.179"/>
</kw>
<status status="PASS" starttime="20230304 22:24:42.413" endtime="20230304 22:24:43.180"/>
</iter>
<iter>
<var name="${in}">1</var>
<var name="${one_rep}">['Conte', 'Mascetti', '141182', '35000']</var>
<kw name="Input Text" library="Selenium2Library">
<arg>firstname</arg>
<arg>${one_rep}[0]</arg>
<doc>Types the given ``text`` into the text field identified by ``locator``.</doc>
<msg timestamp="20230304 22:24:43.183" level="INFO">Typing text 'Conte' into text field 'firstname'.</msg>
<status status="PASS" starttime="20230304 22:24:43.181" endtime="20230304 22:24:43.299"/>
</kw>
<kw name="Input Text" library="Selenium2Library">
<arg>lastname</arg>
<arg>${one_rep}[1]</arg>
<doc>Types the given ``text`` into the text field identified by ``locator``.</doc>
<msg timestamp="20230304 22:24:43.301" level="INFO">Typing text 'Mascetti' into text field 'lastname'.</msg>
<status status="PASS" starttime="20230304 22:24:43.300" endtime="20230304 22:24:43.397"/>
</kw>
<kw name="Input Text" library="Selenium2Library">
<arg>salesresult</arg>
<arg>${one_rep}[2]</arg>
<doc>Types the given ``text`` into the text field identified by ``locator``.</doc>
<msg timestamp="20230304 22:24:43.400" level="INFO">Typing text '141182' into text field 'salesresult'.</msg>
<status status="PASS" starttime="20230304 22:24:43.398" endtime="20230304 22:24:43.483"/>
</kw>
<kw name="Select From List By Value" library="Selenium2Library">
<arg>salestarget</arg>
<arg>${one_rep}[3]</arg>
<doc>Selects options from selection list ``locator`` by ``values``.</doc>
<msg timestamp="20230304 22:24:43.486" level="INFO">Selecting options from selection list 'salestarget' by value 35000.</msg>
<status status="PASS" starttime="20230304 22:24:43.483" endtime="20230304 22:24:43.750"/>
</kw>
<kw name="Click Button" library="Selenium2Library">
<arg>Submit</arg>
<doc>Clicks the button identified by ``locator``.</doc>
<msg timestamp="20230304 22:24:43.752" level="INFO">Clicking button 'Submit'.</msg>
<status status="PASS" starttime="20230304 22:24:43.751" endtime="20230304 22:24:44.405"/>
</kw>
<status status="PASS" starttime="20230304 22:24:43.181" endtime="20230304 22:24:44.406"/>
</iter>
<iter>
<var name="${in}">2</var>
<var name="${one_rep}">['Dallon', 'Seals', '61456', '15000']</var>
<kw name="Input Text" library="Selenium2Library">
<arg>firstname</arg>
<arg>${one_rep}[0]</arg>
<doc>Types the given ``text`` into the text field identified by ``locator``.</doc>
<msg timestamp="20230304 22:24:44.410" level="INFO">Typing text 'Dallon' into text field 'firstname'.</msg>
<status status="PASS" starttime="20230304 22:24:44.408" endtime="20230304 22:24:44.495"/>
</kw>
<kw name="Input Text" library="Selenium2Library">
<arg>lastname</arg>
<arg>${one_rep}[1]</arg>
<doc>Types the given ``text`` into the text field identified by ``locator``.</doc>
<msg timestamp="20230304 22:24:44.497" level="INFO">Typing text 'Seals' into text field 'lastname'.</msg>
<status status="PASS" starttime="20230304 22:24:44.495" endtime="20230304 22:24:44.596"/>
</kw>
<kw name="Input Text" library="Selenium2Library">
<arg>salesresult</arg>
<arg>${one_rep}[2]</arg>
<doc>Types the given ``text`` into the text field identified by ``locator``.</doc>
<msg timestamp="20230304 22:24:44.598" level="INFO">Typing text '61456' into text field 'salesresult'.</msg>
<status status="PASS" starttime="20230304 22:24:44.597" endtime="20230304 22:24:44.698"/>
</kw>
<kw name="Select From List By Value" library="Selenium2Library">
<arg>salestarget</arg>
<arg>${one_rep}[3]</arg>
<doc>Selects options from selection list ``locator`` by ``values``.</doc>
<msg timestamp="20230304 22:24:44.701" level="INFO">Selecting options from selection list 'salestarget' by value 15000.</msg>
<status status="PASS" starttime="20230304 22:24:44.699" endtime="20230304 22:24:44.975"/>
</kw>
<kw name="Click Button" library="Selenium2Library">
<arg>Submit</arg>
<doc>Clicks the button identified by ``locator``.</doc>
<msg timestamp="20230304 22:24:44.976" level="INFO">Clicking button 'Submit'.</msg>
<status status="PASS" starttime="20230304 22:24:44.975" endtime="20230304 22:24:45.360"/>
</kw>
<status status="PASS" starttime="20230304 22:24:44.407" endtime="20230304 22:24:45.361"/>
</iter>
<iter>
<var name="${in}">3</var>
<var name="${one_rep}">['Jocelyn', 'Thomsson', '99354', '95000']</var>
<kw name="Input Text" library="Selenium2Library">
<arg>firstname</arg>
<arg>${one_rep}[0]</arg>
<doc>Types the given ``text`` into the text field identified by ``locator``.</doc>
<msg timestamp="20230304 22:24:45.364" level="INFO">Typing text 'Jocelyn' into text field 'firstname'.</msg>
<status status="PASS" starttime="20230304 22:24:45.362" endtime="20230304 22:24:45.449"/>
</kw>
<kw name="Input Text" library="Selenium2Library">
<arg>lastname</arg>
<arg>${one_rep}[1]</arg>
<doc>Types the given ``text`` into the text field identified by ``locator``.</doc>
<msg timestamp="20230304 22:24:45.459" level="INFO">Typing text 'Thomsson' into text field 'lastname'.</msg>
<status status="PASS" starttime="20230304 22:24:45.457" endtime="20230304 22:24:45.540"/>
</kw>
<kw name="Input Text" library="Selenium2Library">
<arg>salesresult</arg>
<arg>${one_rep}[2]</arg>
<doc>Types the given ``text`` into the text field identified by ``locator``.</doc>
<msg timestamp="20230304 22:24:45.543" level="INFO">Typing text '99354' into text field 'salesresult'.</msg>
<status status="PASS" starttime="20230304 22:24:45.541" endtime="20230304 22:24:45.629"/>
</kw>
<kw name="Select From List By Value" library="Selenium2Library">
<arg>salestarget</arg>
<arg>${one_rep}[3]</arg>
<doc>Selects options from selection list ``locator`` by ``values``.</doc>
<msg timestamp="20230304 22:24:45.631" level="INFO">Selecting options from selection list 'salestarget' by value 95000.</msg>
<status status="PASS" starttime="20230304 22:24:45.629" endtime="20230304 22:24:45.899"/>
</kw>
<kw name="Click Button" library="Selenium2Library">
<arg>Submit</arg>
<doc>Clicks the button identified by ``locator``.</doc>
<msg timestamp="20230304 22:24:45.899" level="INFO">Clicking button 'Submit'.</msg>
<status status="PASS" starttime="20230304 22:24:45.899" endtime="20230304 22:24:46.316"/>
</kw>
<status status="PASS" starttime="20230304 22:24:45.361" endtime="20230304 22:24:46.316"/>
</iter>
<iter>
<var name="${in}">4</var>
<var name="${one_rep}">['Yoko', 'Flecknell', '139701', '50000']</var>
<kw name="Input Text" library="Selenium2Library">
<arg>firstname</arg>
<arg>${one_rep}[0]</arg>
<doc>Types the given ``text`` into the text field identified by ``locator``.</doc>
<msg timestamp="20230304 22:24:46.324" level="INFO">Typing text 'Yoko' into text field 'firstname'.</msg>
<status status="PASS" starttime="20230304 22:24:46.322" endtime="20230304 22:24:46.439"/>
</kw>
<kw name="Input Text" library="Selenium2Library">
<arg>lastname</arg>
<arg>${one_rep}[1]</arg>
<doc>Types the given ``text`` into the text field identified by ``locator``.</doc>
<msg timestamp="20230304 22:24:46.442" level="INFO">Typing text 'Flecknell' into text field 'lastname'.</msg>
<status status="PASS" starttime="20230304 22:24:46.440" endtime="20230304 22:24:46.540"/>
</kw>
<kw name="Input Text" library="Selenium2Library">
<arg>salesresult</arg>
<arg>${one_rep}[2]</arg>
<doc>Types the given ``text`` into the text field identified by ``locator``.</doc>
<msg timestamp="20230304 22:24:46.543" level="INFO">Typing text '139701' into text field 'salesresult'.</msg>
<status status="PASS" starttime="20230304 22:24:46.540" endtime="20230304 22:24:46.626"/>
</kw>
<kw name="Select From List By Value" library="Selenium2Library">
<arg>salestarget</arg>
<arg>${one_rep}[3]</arg>
<doc>Selects options from selection list ``locator`` by ``values``.</doc>
<msg timestamp="20230304 22:24:46.629" level="INFO">Selecting options from selection list 'salestarget' by value 50000.</msg>
<status status="PASS" starttime="20230304 22:24:46.627" endtime="20230304 22:24:46.972"/>
</kw>
<kw name="Click Button" library="Selenium2Library">
<arg>Submit</arg>
<doc>Clicks the button identified by ``locator``.</doc>
<msg timestamp="20230304 22:24:46.975" level="INFO">Clicking button 'Submit'.</msg>
<status status="PASS" starttime="20230304 22:24:46.973" endtime="20230304 22:24:47.288"/>
</kw>
<status status="PASS" starttime="20230304 22:24:46.321" endtime="20230304 22:24:47.289"/>
</iter>
<iter>
<var name="${in}">5</var>
<var name="${one_rep}">['Ninnette', 'Heinssen', '63808', '25000']</var>
<kw name="Input Text" library="Selenium2Library">
<arg>firstname</arg>
<arg>${one_rep}[0]</arg>
<doc>Types the given ``text`` into the text field identified by ``locator``.</doc>
<msg timestamp="20230304 22:24:47.292" level="INFO">Typing text 'Ninnette' into text field 'firstname'.</msg>
<status status="PASS" starttime="20230304 22:24:47.290" endtime="20230304 22:24:47.398"/>
</kw>
<kw name="Input Text" library="Selenium2Library">
<arg>lastname</arg>
<arg>${one_rep}[1]</arg>
<doc>Types the given ``text`` into the text field identified by ``locator``.</doc>
<msg timestamp="20230304 22:24:47.404" level="INFO">Typing text 'Heinssen' into text field 'lastname'.</msg>
<status status="PASS" starttime="20230304 22:24:47.401" endtime="20230304 22:24:47.476"/>
</kw>
<kw name="Input Text" library="Selenium2Library">
<arg>salesresult</arg>
<arg>${one_rep}[2]</arg>
<doc>Types the given ``text`` into the text field identified by ``locator``.</doc>
<msg timestamp="20230304 22:24:47.479" level="INFO">Typing text '63808' into text field 'salesresult'.</msg>
<status status="PASS" starttime="20230304 22:24:47.477" endtime="20230304 22:24:47.561"/>
</kw>
<kw name="Select From List By Value" library="Selenium2Library">
<arg>salestarget</arg>
<arg>${one_rep}[3]</arg>
<doc>Selects options from selection list ``locator`` by ``values``.</doc>
<msg timestamp="20230304 22:24:47.563" level="INFO">Selecting options from selection list 'salestarget' by value 25000.</msg>
<status status="PASS" starttime="20230304 22:24:47.562" endtime="20230304 22:24:47.847"/>
</kw>
<kw name="Click Button" library="Selenium2Library">
<arg>Submit</arg>
<doc>Clicks the button identified by ``locator``.</doc>
<msg timestamp="20230304 22:24:47.853" level="INFO">Clicking button 'Submit'.</msg>
<status status="PASS" starttime="20230304 22:24:47.847" endtime="20230304 22:24:48.102"/>
</kw>
<status status="PASS" starttime="20230304 22:24:47.289" endtime="20230304 22:24:48.103"/>
</iter>
<iter>
<var name="${in}">6</var>
<var name="${one_rep}">['Ahmed', 'Vasnetsov', '50211', '60000']</var>
<kw name="Input Text" library="Selenium2Library">
<arg>firstname</arg>
<arg>${one_rep}[0]</arg>
<doc>Types the given ``text`` into the text field identified by ``locator``.</doc>
<msg timestamp="20230304 22:24:48.108" level="INFO">Typing text 'Ahmed' into text field 'firstname'.</msg>
<status status="PASS" starttime="20230304 22:24:48.105" endtime="20230304 22:24:48.235"/>
</kw>
<kw name="Input Text" library="Selenium2Library">
<arg>lastname</arg>
<arg>${one_rep}[1]</arg>
<doc>Types the given ``text`` into the text field identified by ``locator``.</doc>
<msg timestamp="20230304 22:24:48.243" level="INFO">Typing text 'Vasnetsov' into text field 'lastname'.</msg>
<status status="PASS" starttime="20230304 22:24:48.237" endtime="20230304 22:24:48.357"/>
</kw>
<kw name="Input Text" library="Selenium2Library">
<arg>salesresult</arg>
<arg>${one_rep}[2]</arg>
<doc>Types the given ``text`` into the text field identified by ``locator``.</doc>
<msg timestamp="20230304 22:24:48.360" level="INFO">Typing text '50211' into text field 'salesresult'.</msg>
<status status="PASS" starttime="20230304 22:24:48.358" endtime="20230304 22:24:48.462"/>
</kw>
<kw name="Select From List By Value" library="Selenium2Library">
<arg>salestarget</arg>
<arg>${one_rep}[3]</arg>
<doc>Selects options from selection list ``locator`` by ``values``.</doc>
<msg timestamp="20230304 22:24:48.469" level="INFO">Selecting options from selection list 'salestarget' by value 60000.</msg>
<status status="PASS" starttime="20230304 22:24:48.463" endtime="20230304 22:24:48.750"/>
</kw>
<kw name="Click Button" library="Selenium2Library">
<arg>Submit</arg>
<doc>Clicks the button identified by ``locator``.</doc>
<msg timestamp="20230304 22:24:48.752" level="INFO">Clicking button 'Submit'.</msg>
<status status="PASS" starttime="20230304 22:24:48.751" endtime="20230304 22:24:48.995"/>
</kw>
<status status="PASS" starttime="20230304 22:24:48.104" endtime="20230304 22:24:48.995"/>
</iter>
<iter>
<var name="${in}">7</var>
<var name="${one_rep}">['Pearline', 'Fenton', '78556', '35000']</var>
<kw name="Input Text" library="Selenium2Library">
<arg>firstname</arg>
<arg>${one_rep}[0]</arg>
<doc>Types the given ``text`` into the text field identified by ``locator``.</doc>
<msg timestamp="20230304 22:24:49.002" level="INFO">Typing text 'Pearline' into text field 'firstname'.</msg>
<status status="PASS" starttime="20230304 22:24:48.999" endtime="20230304 22:24:49.133"/>
</kw>
<kw name="Input Text" library="Selenium2Library">
<arg>lastname</arg>
<arg>${one_rep}[1]</arg>
<doc>Types the given ``text`` into the text field identified by ``locator``.</doc>
<msg timestamp="20230304 22:24:49.138" level="INFO">Typing text 'Fenton' into text field 'lastname'.</msg>
<status status="PASS" starttime="20230304 22:24:49.134" endtime="20230304 22:24:49.241"/>
</kw>
<kw name="Input Text" library="Selenium2Library">
<arg>salesresult</arg>
<arg>${one_rep}[2]</arg>
<doc>Types the given ``text`` into the text field identified by ``locator``.</doc>
<msg timestamp="20230304 22:24:49.245" level="INFO">Typing text '78556' into text field 'salesresult'.</msg>
<status status="PASS" starttime="20230304 22:24:49.242" endtime="20230304 22:24:49.361"/>
</kw>
<kw name="Select From List By Value" library="Selenium2Library">
<arg>salestarget</arg>
<arg>${one_rep}[3]</arg>
<doc>Selects options from selection list ``locator`` by ``values``.</doc>
<msg timestamp="20230304 22:24:49.369" level="INFO">Selecting options from selection list 'salestarget' by value 35000.</msg>
<status status="PASS" starttime="20230304 22:24:49.362" endtime="20230304 22:24:49.629"/>
</kw>
<kw name="Click Button" library="Selenium2Library">
<arg>Submit</arg>
<doc>Clicks the button identified by ``locator``.</doc>
<msg timestamp="20230304 22:24:49.632" level="INFO">Clicking button 'Submit'.</msg>
<status status="PASS" starttime="20230304 22:24:49.629" endtime="20230304 22:24:49.857"/>
</kw>
<status status="PASS" starttime="20230304 22:24:48.996" endtime="20230304 22:24:49.857"/>
</iter>
<iter>
<var name="${in}">8</var>
<var name="${one_rep}">['Lelah', 'Yewdale', '122695', '100000']</var>
<kw name="Input Text" library="Selenium2Library">
<arg>firstname</arg>
<arg>${one_rep}[0]</arg>
<doc>Types the given ``text`` into the text field identified by ``locator``.</doc>
<msg timestamp="20230304 22:24:49.860" level="INFO">Typing text 'Lelah' into text field 'firstname'.</msg>
<status status="PASS" starttime="20230304 22:24:49.859" endtime="20230304 22:24:49.955"/>
</kw>
<kw name="Input Text" library="Selenium2Library">
<arg>lastname</arg>
<arg>${one_rep}[1]</arg>
<doc>Types the given ``text`` into the text field identified by ``locator``.</doc>
<msg timestamp="20230304 22:24:49.957" level="INFO">Typing text 'Yewdale' into text field 'lastname'.</msg>
<status status="PASS" starttime="20230304 22:24:49.955" endtime="20230304 22:24:50.041"/>
</kw>
<kw name="Input Text" library="Selenium2Library">
<arg>salesresult</arg>
<arg>${one_rep}[2]</arg>
<doc>Types the given ``text`` into the text field identified by ``locator``.</doc>
<msg timestamp="20230304 22:24:50.043" level="INFO">Typing text '122695' into text field 'salesresult'.</msg>
<status status="PASS" starttime="20230304 22:24:50.042" endtime="20230304 22:24:50.124"/>
</kw>
<kw name="Select From List By Value" library="Selenium2Library">
<arg>salestarget</arg>
<arg>${one_rep}[3]</arg>
<doc>Selects options from selection list ``locator`` by ``values``.</doc>
<msg timestamp="20230304 22:24:50.126" level="INFO">Selecting options from selection list 'salestarget' by value 100000.</msg>
<status status="PASS" starttime="20230304 22:24:50.124" endtime="20230304 22:24:50.408"/>
</kw>
<kw name="Click Button" library="Selenium2Library">
<arg>Submit</arg>
<doc>Clicks the button identified by ``locator``.</doc>
<msg timestamp="20230304 22:24:50.409" level="INFO">Clicking button 'Submit'.</msg>
<status status="PASS" starttime="20230304 22:24:50.408" endtime="20230304 22:24:50.660"/>
</kw>
<status status="PASS" starttime="20230304 22:24:49.858" endtime="20230304 22:24:50.660"/>
</iter>
<iter>
<var name="${in}">9</var>
<var name="${one_rep}">['Belinda', 'Blumenthal', '115410', '70000']</var>
<kw name="Input Text" library="Selenium2Library">
<arg>firstname</arg>
<arg>${one_rep}[0]</arg>
<doc>Types the given ``text`` into the text field identified by ``locator``.</doc>
<msg timestamp="20230304 22:24:50.666" level="INFO">Typing text 'Belinda' into text field 'firstname'.</msg>
<status status="PASS" starttime="20230304 22:24:50.661" endtime="20230304 22:24:50.756"/>
</kw>
<kw name="Input Text" library="Selenium2Library">
<arg>lastname</arg>
<arg>${one_rep}[1]</arg>
<doc>Types the given ``text`` into the text field identified by ``locator``.</doc>
<msg timestamp="20230304 22:24:50.758" level="INFO">Typing text 'Blumenthal' into text field 'lastname'.</msg>
<status status="PASS" starttime="20230304 22:24:50.756" endtime="20230304 22:24:50.852"/>
</kw>
<kw name="Input Text" library="Selenium2Library">
<arg>salesresult</arg>
<arg>${one_rep}[2]</arg>
<doc>Types the given ``text`` into the text field identified by ``locator``.</doc>
<msg timestamp="20230304 22:24:50.855" level="INFO">Typing text '115410' into text field 'salesresult'.</msg>
<status status="PASS" starttime="20230304 22:24:50.853" endtime="20230304 22:24:50.940"/>
</kw>
<kw name="Select From List By Value" library="Selenium2Library">
<arg>salestarget</arg>
<arg>${one_rep}[3]</arg>
<doc>Selects options from selection list ``locator`` by ``values``.</doc>
<msg timestamp="20230304 22:24:50.943" level="INFO">Selecting options from selection list 'salestarget' by value 70000.</msg>
<status status="PASS" starttime="20230304 22:24:50.941" endtime="20230304 22:24:51.221"/>
</kw>
<kw name="Click Button" library="Selenium2Library">
<arg>Submit</arg>
<doc>Clicks the button identified by ``locator``.</doc>
<msg timestamp="20230304 22:24:51.224" level="INFO">Clicking button 'Submit'.</msg>
<status status="PASS" starttime="20230304 22:24:51.222" endtime="20230304 22:24:51.471"/>
</kw>
<status status="PASS" starttime="20230304 22:24:50.661" endtime="20230304 22:24:51.473"/>
</iter>
<iter>
<var name="${in}">10</var>
<var name="${one_rep}">['Antoni', 'Degoe', '106991', '75000']</var>
<kw name="Input Text" library="Selenium2Library">
<arg>firstname</arg>
<arg>${one_rep}[0]</arg>
<doc>Types the given ``text`` into the text field identified by ``locator``.</doc>
<msg timestamp="20230304 22:24:51.477" level="INFO">Typing text 'Antoni' into text field 'firstname'.</msg>
<status status="PASS" starttime="20230304 22:24:51.475" endtime="20230304 22:24:51.594"/>
</kw>
<kw name="Input Text" library="Selenium2Library">
<arg>lastname</arg>
<arg>${one_rep}[1]</arg>
<doc>Types the given ``text`` into the text field identified by ``locator``.</doc>
<msg timestamp="20230304 22:24:51.600" level="INFO">Typing text 'Degoe' into text field 'lastname'.</msg>
<status status="PASS" starttime="20230304 22:24:51.595" endtime="20230304 22:24:51.690"/>
</kw>
<kw name="Input Text" library="Selenium2Library">
<arg>salesresult</arg>
<arg>${one_rep}[2]</arg>
<doc>Types the given ``text`` into the text field identified by ``locator``.</doc>
<msg timestamp="20230304 22:24:51.693" level="INFO">Typing text '106991' into text field 'salesresult'.</msg>
<status status="PASS" starttime="20230304 22:24:51.691" endtime="20230304 22:24:51.839"/>
</kw>
<kw name="Select From List By Value" library="Selenium2Library">
<arg>salestarget</arg>
<arg>${one_rep}[3]</arg>
<doc>Selects options from selection list ``locator`` by ``values``.</doc>
<msg timestamp="20230304 22:24:51.842" level="INFO">Selecting options from selection list 'salestarget' by value 75000.</msg>
<status status="PASS" starttime="20230304 22:24:51.840" endtime="20230304 22:24:52.131"/>
</kw>
<kw name="Click Button" library="Selenium2Library">
<arg>Submit</arg>
<doc>Clicks the button identified by ``locator``.</doc>
<msg timestamp="20230304 22:24:52.134" level="INFO">Clicking button 'Submit'.</msg>
<status status="PASS" starttime="20230304 22:24:52.132" endtime="20230304 22:24:52.427"/>
</kw>
<status status="PASS" starttime="20230304 22:24:51.474" endtime="20230304 22:24:52.430"/>
</iter>
<iter>
<var name="${in}">11</var>
<var name="${one_rep}">['Donnamarie', 'Watts', '25924', '85000']</var>
<kw name="Input Text" library="Selenium2Library">
<arg>firstname</arg>
<arg>${one_rep}[0]</arg>
<doc>Types the given ``text`` into the text field identified by ``locator``.</doc>
<msg timestamp="20230304 22:24:52.436" level="INFO">Typing text 'Donnamarie' into text field 'firstname'.</msg>
<status status="PASS" starttime="20230304 22:24:52.432" endtime="20230304 22:24:52.554"/>
</kw>
<kw name="Input Text" library="Selenium2Library">
<arg>lastname</arg>
<arg>${one_rep}[1]</arg>
<doc>Types the given ``text`` into the text field identified by ``locator``.</doc>
<msg timestamp="20230304 22:24:52.557" level="INFO">Typing text 'Watts' into text field 'lastname'.</msg>
<status status="PASS" starttime="20230304 22:24:52.555" endtime="20230304 22:24:52.636"/>
</kw>
<kw name="Input Text" library="Selenium2Library">
<arg>salesresult</arg>
<arg>${one_rep}[2]</arg>
<doc>Types the given ``text`` into the text field identified by ``locator``.</doc>
<msg timestamp="20230304 22:24:52.638" level="INFO">Typing text '25924' into text field 'salesresult'.</msg>
<status status="PASS" starttime="20230304 22:24:52.637" endtime="20230304 22:24:52.709"/>
</kw>
<kw name="Select From List By Value" library="Selenium2Library">
<arg>salestarget</arg>
<arg>${one_rep}[3]</arg>
<doc>Selects options from selection list ``locator`` by ``values``.</doc>
<msg timestamp="20230304 22:24:52.715" level="INFO">Selecting options from selection list 'salestarget' by value 85000.</msg>
<status status="PASS" starttime="20230304 22:24:52.712" endtime="20230304 22:24:52.979"/>
</kw>
<kw name="Click Button" library="Selenium2Library">
<arg>Submit</arg>
<doc>Clicks the button identified by ``locator``.</doc>
<msg timestamp="20230304 22:24:52.981" level="INFO">Clicking button 'Submit'.</msg>
<status status="PASS" starttime="20230304 22:24:52.979" endtime="20230304 22:24:53.185"/>
</kw>
<status status="PASS" starttime="20230304 22:24:52.431" endtime="20230304 22:24:53.185"/>
</iter>
<iter>
<var name="${in}">12</var>
<var name="${one_rep}">['Anabella', 'Blindermann', '43564', '85000']</var>
<kw name="Input Text" library="Selenium2Library">
<arg>firstname</arg>
<arg>${one_rep}[0]</arg>
<doc>Types the given ``text`` into the text field identified by ``locator``.</doc>
<msg timestamp="20230304 22:24:53.189" level="INFO">Typing text 'Anabella' into text field 'firstname'.</msg>
<status status="PASS" starttime="20230304 22:24:53.187" endtime="20230304 22:24:53.286"/>
</kw>
<kw name="Input Text" library="Selenium2Library">
<arg>lastname</arg>
<arg>${one_rep}[1]</arg>
<doc>Types the given ``text`` into the text field identified by ``locator``.</doc>
<msg timestamp="20230304 22:24:53.287" level="INFO">Typing text 'Blindermann' into text field 'lastname'.</msg>
<status status="PASS" starttime="20230304 22:24:53.286" endtime="20230304 22:24:53.368"/>
</kw>
<kw name="Input Text" library="Selenium2Library">
<arg>salesresult</arg>
<arg>${one_rep}[2]</arg>
<doc>Types the given ``text`` into the text field identified by ``locator``.</doc>
<msg timestamp="20230304 22:24:53.369" level="INFO">Typing text '43564' into text field 'salesresult'.</msg>
<status status="PASS" starttime="20230304 22:24:53.368" endtime="20230304 22:24:53.446"/>
</kw>
<kw name="Select From List By Value" library="Selenium2Library">
<arg>salestarget</arg>
<arg>${one_rep}[3]</arg>
<doc>Selects options from selection list ``locator`` by ``values``.</doc>
<msg timestamp="20230304 22:24:53.450" level="INFO">Selecting options from selection list 'salestarget' by value 85000.</msg>
<status status="PASS" starttime="20230304 22:24:53.447" endtime="20230304 22:24:53.708"/>
</kw>
<kw name="Click Button" library="Selenium2Library">
<arg>Submit</arg>
<doc>Clicks the button identified by ``locator``.</doc>
<msg timestamp="20230304 22:24:53.710" level="INFO">Clicking button 'Submit'.</msg>
<status status="PASS" starttime="20230304 22:24:53.709" endtime="20230304 22:24:53.907"/>
</kw>
<status status="PASS" starttime="20230304 22:24:53.186" endtime="20230304 22:24:53.908"/>
</iter>
<iter>
<var name="${in}">13</var>
<var name="${one_rep}">['Fred', 'Mengoni', '131725', '5000']</var>
<kw name="Input Text" library="Selenium2Library">
<arg>firstname</arg>
<arg>${one_rep}[0]</arg>
<doc>Types the given ``text`` into the text field identified by ``locator``.</doc>
<msg timestamp="20230304 22:24:53.915" level="INFO">Typing text 'Fred' into text field 'firstname'.</msg>
<status status="PASS" starttime="20230304 22:24:53.909" endtime="20230304 22:24:54.002"/>
</kw>
<kw name="Input Text" library="Selenium2Library">
<arg>lastname</arg>
<arg>${one_rep}[1]</arg>
<doc>Types the given ``text`` into the text field identified by ``locator``.</doc>
<msg timestamp="20230304 22:24:54.004" level="INFO">Typing text 'Mengoni' into text field 'lastname'.</msg>
<status status="PASS" starttime="20230304 22:24:54.003" endtime="20230304 22:24:54.071"/>
</kw>
<kw name="Input Text" library="Selenium2Library">
<arg>salesresult</arg>
<arg>${one_rep}[2]</arg>
<doc>Types the given ``text`` into the text field identified by ``locator``.</doc>
<msg timestamp="20230304 22:24:54.072" level="INFO">Typing text '131725' into text field 'salesresult'.</msg>
<status status="PASS" starttime="20230304 22:24:54.071" endtime="20230304 22:24:54.174"/>
</kw>
<kw name="Select From List By Value" library="Selenium2Library">
<arg>salestarget</arg>
<arg>${one_rep}[3]</arg>
<doc>Selects options from selection list ``locator`` by ``values``.</doc>
<msg timestamp="20230304 22:24:54.180" level="INFO">Selecting options from selection list 'salestarget' by value 5000.</msg>
<status status="PASS" starttime="20230304 22:24:54.175" endtime="20230304 22:24:54.224"/>
</kw>
<kw name="Click Button" library="Selenium2Library">
<arg>Submit</arg>
<doc>Clicks the button identified by ``locator``.</doc>
<msg timestamp="20230304 22:24:54.228" level="INFO">Clicking button 'Submit'.</msg>
<status status="PASS" starttime="20230304 22:24:54.224" endtime="20230304 22:24:54.490"/>
</kw>
<status status="PASS" starttime="20230304 22:24:53.908" endtime="20230304 22:24:54.490"/>
</iter>
<iter>
<var name="${in}">14</var>
<var name="${one_rep}">['Nathanil', 'Bragg', '100336', '35000']</var>
<kw name="Input Text" library="Selenium2Library">
<arg>firstname</arg>
<arg>${one_rep}[0]</arg>
<doc>Types the given ``text`` into the text field identified by ``locator``.</doc>
<msg timestamp="20230304 22:24:54.497" level="INFO">Typing text 'Nathanil' into text field 'firstname'.</msg>
<status status="PASS" starttime="20230304 22:24:54.495" endtime="20230304 22:24:54.640"/>
</kw>
<kw name="Input Text" library="Selenium2Library">
<arg>lastname</arg>
<arg>${one_rep}[1]</arg>
<doc>Types the given ``text`` into the text field identified by ``locator``.</doc>
<msg timestamp="20230304 22:24:54.645" level="INFO">Typing text 'Bragg' into text field 'lastname'.</msg>
<status status="PASS" starttime="20230304 22:24:54.641" endtime="20230304 22:24:54.750"/>
</kw>
<kw name="Input Text" library="Selenium2Library">
<arg>salesresult</arg>
<arg>${one_rep}[2]</arg>
<doc>Types the given ``text`` into the text field identified by ``locator``.</doc>
<msg timestamp="20230304 22:24:54.754" level="INFO">Typing text '100336' into text field 'salesresult'.</msg>
<status status="PASS" starttime="20230304 22:24:54.752" endtime="20230304 22:24:54.870"/>
</kw>
<kw name="Select From List By Value" library="Selenium2Library">
<arg>salestarget</arg>
<arg>${one_rep}[3]</arg>
<doc>Selects options from selection list ``locator`` by ``values``.</doc>
<msg timestamp="20230304 22:24:54.873" level="INFO">Selecting options from selection list 'salestarget' by value 35000.</msg>
<status status="PASS" starttime="20230304 22:24:54.871" endtime="20230304 22:24:55.161"/>
</kw>
<kw name="Click Button" library="Selenium2Library">
<arg>Submit</arg>
<doc>Clicks the button identified by ``locator``.</doc>
<msg timestamp="20230304 22:24:55.164" level="INFO">Clicking button 'Submit'.</msg>
<status status="PASS" starttime="20230304 22:24:55.162" endtime="20230304 22:24:55.470"/>
</kw>
<status status="PASS" starttime="20230304 22:24:54.491" endtime="20230304 22:24:55.471"/>
</iter>
<iter>
<var name="${in}">15</var>
<var name="${one_rep}">['Casar', 'Kubek', '143750', '100000']</var>
<kw name="Input Text" library="Selenium2Library">
<arg>firstname</arg>
<arg>${one_rep}[0]</arg>
<doc>Types the given ``text`` into the text field identified by ``locator``.</doc>
<msg timestamp="20230304 22:24:55.478" level="INFO">Typing text 'Casar' into text field 'firstname'.</msg>
<status status="PASS" starttime="20230304 22:24:55.473" endtime="20230304 22:24:55.589"/>
</kw>
<kw name="Input Text" library="Selenium2Library">
<arg>lastname</arg>
<arg>${one_rep}[1]</arg>
<doc>Types the given ``text`` into the text field identified by ``locator``.</doc>
<msg timestamp="20230304 22:24:55.591" level="INFO">Typing text 'Kubek' into text field 'lastname'.</msg>
<status status="PASS" starttime="20230304 22:24:55.591" endtime="20230304 22:24:55.690"/>
</kw>
<kw name="Input Text" library="Selenium2Library">
<arg>salesresult</arg>
<arg>${one_rep}[2]</arg>
<doc>Types the given ``text`` into the text field identified by ``locator``.</doc>
<msg timestamp="20230304 22:24:55.696" level="INFO">Typing text '143750' into text field 'salesresult'.</msg>
<status status="PASS" starttime="20230304 22:24:55.692" endtime="20230304 22:24:55.771"/>
</kw>
<kw name="Select From List By Value" library="Selenium2Library">
<arg>salestarget</arg>
<arg>${one_rep}[3]</arg>
<doc>Selects options from selection list ``locator`` by ``values``.</doc>
<msg timestamp="20230304 22:24:55.774" level="INFO">Selecting options from selection list 'salestarget' by value 100000.</msg>
<status status="PASS" starttime="20230304 22:24:55.772" endtime="20230304 22:24:56.040"/>
</kw>
<kw name="Click Button" library="Selenium2Library">
<arg>Submit</arg>
<doc>Clicks the button identified by ``locator``.</doc>
<msg timestamp="20230304 22:24:56.042" level="INFO">Clicking button 'Submit'.</msg>
<status status="PASS" starttime="20230304 22:24:56.040" endtime="20230304 22:24:56.255"/>
</kw>
<status status="PASS" starttime="20230304 22:24:55.472" endtime="20230304 22:24:56.256"/>
</iter>
<iter>
<var name="${in}">16</var>
<var name="${one_rep}">['Myrtle', 'Puddle', '22729', '10000']</var>
<kw name="Input Text" library="Selenium2Library">
<arg>firstname</arg>
<arg>${one_rep}[0]</arg>
<doc>Types the given ``text`` into the text field identified by ``locator``.</doc>
<msg timestamp="20230304 22:24:56.264" level="INFO">Typing text 'Myrtle' into text field 'firstname'.</msg>
<status status="PASS" starttime="20230304 22:24:56.256" endtime="20230304 22:24:56.352"/>
</kw>
<kw name="Input Text" library="Selenium2Library">
<arg>lastname</arg>
<arg>${one_rep}[1]</arg>
<doc>Types the given ``text`` into the text field identified by ``locator``.</doc>
<msg timestamp="20230304 22:24:56.354" level="INFO">Typing text 'Puddle' into text field 'lastname'.</msg>
<status status="PASS" starttime="20230304 22:24:56.352" endtime="20230304 22:24:56.428"/>
</kw>
<kw name="Input Text" library="Selenium2Library">
<arg>salesresult</arg>
<arg>${one_rep}[2]</arg>
<doc>Types the given ``text`` into the text field identified by ``locator``.</doc>
<msg timestamp="20230304 22:24:56.432" level="INFO">Typing text '22729' into text field 'salesresult'.</msg>
<status status="PASS" starttime="20230304 22:24:56.429" endtime="20230304 22:24:56.503"/>
</kw>
<kw name="Select From List By Value" library="Selenium2Library">
<arg>salestarget</arg>
<arg>${one_rep}[3]</arg>
<doc>Selects options from selection list ``locator`` by ``values``.</doc>
<msg timestamp="20230304 22:24:56.505" level="INFO">Selecting options from selection list 'salestarget' by value 10000.</msg>
<status status="PASS" starttime="20230304 22:24:56.503" endtime="20230304 22:24:56.775"/>
</kw>
<kw name="Click Button" library="Selenium2Library">
<arg>Submit</arg>
<doc>Clicks the button identified by ``locator``.</doc>
<msg timestamp="20230304 22:24:56.777" level="INFO">Clicking button 'Submit'.</msg>
<status status="PASS" starttime="20230304 22:24:56.776" endtime="20230304 22:24:57.022"/>
</kw>
<status status="PASS" starttime="20230304 22:24:56.256" endtime="20230304 22:24:57.022"/>
</iter>
<iter>
<var name="${in}">17</var>
<var name="${one_rep}">['Devi', 'Oag', '140919', '10000']</var>
<kw name="Input Text" library="Selenium2Library">
<arg>firstname</arg>
<arg>${one_rep}[0]</arg>
<doc>Types the given ``text`` into the text field identified by ``locator``.</doc>
<msg timestamp="20230304 22:24:57.029" level="INFO">Typing text 'Devi' into text field 'firstname'.</msg>
<status status="PASS" starttime="20230304 22:24:57.027" endtime="20230304 22:24:57.122"/>
</kw>
<kw name="Input Text" library="Selenium2Library">
<arg>lastname</arg>
<arg>${one_rep}[1]</arg>
<doc>Types the given ``text`` into the text field identified by ``locator``.</doc>
<msg timestamp="20230304 22:24:57.127" level="INFO">Typing text 'Oag' into text field 'lastname'.</msg>
<status status="PASS" starttime="20230304 22:24:57.122" endtime="20230304 22:24:57.188"/>
</kw>
<kw name="Input Text" library="Selenium2Library">
<arg>salesresult</arg>
<arg>${one_rep}[2]</arg>
<doc>Types the given ``text`` into the text field identified by ``locator``.</doc>
<msg timestamp="20230304 22:24:57.194" level="INFO">Typing text '140919' into text field 'salesresult'.</msg>
<status status="PASS" starttime="20230304 22:24:57.188" endtime="20230304 22:24:57.293"/>
</kw>
<kw name="Select From List By Value" library="Selenium2Library">
<arg>salestarget</arg>
<arg>${one_rep}[3]</arg>
<doc>Selects options from selection list ``locator`` by ``values``.</doc>
<msg timestamp="20230304 22:24:57.298" level="INFO">Selecting options from selection list 'salestarget' by value 10000.</msg>
<status status="PASS" starttime="20230304 22:24:57.294" endtime="20230304 22:24:57.600"/>
</kw>
<kw name="Click Button" library="Selenium2Library">
<arg>Submit</arg>
<doc>Clicks the button identified by ``locator``.</doc>
<msg timestamp="20230304 22:24:57.603" level="INFO">Clicking button 'Submit'.</msg>
<status status="PASS" starttime="20230304 22:24:57.601" endtime="20230304 22:24:57.884"/>
</kw>
<status status="PASS" starttime="20230304 22:24:57.027" endtime="20230304 22:24:57.884"/>
</iter>
<iter>
<var name="${in}">18</var>
<var name="${one_rep}">['Emyle', "O'Driscole", '70981', '10000']</var>
<kw name="Input Text" library="Selenium2Library">
<arg>firstname</arg>
<arg>${one_rep}[0]</arg>
<doc>Types the given ``text`` into the text field identified by ``locator``.</doc>
<msg timestamp="20230304 22:24:57.887" level="INFO">Typing text 'Emyle' into text field 'firstname'.</msg>
<status status="PASS" starttime="20230304 22:24:57.885" endtime="20230304 22:24:57.991"/>
</kw>
<kw name="Input Text" library="Selenium2Library">
<arg>lastname</arg>
<arg>${one_rep}[1]</arg>
<doc>Types the given ``text`` into the text field identified by ``locator``.</doc>
<msg timestamp="20230304 22:24:57.995" level="INFO">Typing text 'O'Driscole' into text field 'lastname'.</msg>
<status status="PASS" starttime="20230304 22:24:57.992" endtime="20230304 22:24:58.102"/>
</kw>
<kw name="Input Text" library="Selenium2Library">
<arg>salesresult</arg>
<arg>${one_rep}[2]</arg>
<doc>Types the given ``text`` into the text field identified by ``locator``.</doc>
<msg timestamp="20230304 22:24:58.104" level="INFO">Typing text '70981' into text field 'salesresult'.</msg>
<status status="PASS" starttime="20230304 22:24:58.103" endtime="20230304 22:24:58.199"/>
</kw>
<kw name="Select From List By Value" library="Selenium2Library">
<arg>salestarget</arg>
<arg>${one_rep}[3]</arg>
<doc>Selects options from selection list ``locator`` by ``values``.</doc>
<msg timestamp="20230304 22:24:58.203" level="INFO">Selecting options from selection list 'salestarget' by value 10000.</msg>
<status status="PASS" starttime="20230304 22:24:58.200" endtime="20230304 22:24:58.486"/>
</kw>
<kw name="Click Button" library="Selenium2Library">
<arg>Submit</arg>
<doc>Clicks the button identified by ``locator``.</doc>
<msg timestamp="20230304 22:24:58.487" level="INFO">Clicking button 'Submit'.</msg>
<status status="PASS" starttime="20230304 22:24:58.487" endtime="20230304 22:24:58.737"/>
</kw>
<status status="PASS" starttime="20230304 22:24:57.885" endtime="20230304 22:24:58.737"/>
</iter>
<iter>
<var name="${in}">19</var>
<var name="${one_rep}">['Mickie', 'Linbohm', '80516', '10000']</var>
<kw name="Input Text" library="Selenium2Library">
<arg>firstname</arg>
<arg>${one_rep}[0]</arg>
<doc>Types the given ``text`` into the text field identified by ``locator``.</doc>
<msg timestamp="20230304 22:24:58.746" level="INFO">Typing text 'Mickie' into text field 'firstname'.</msg>
<status status="PASS" starttime="20230304 22:24:58.743" endtime="20230304 22:24:58.866"/>
</kw>
<kw name="Input Text" library="Selenium2Library">
<arg>lastname</arg>
<arg>${one_rep}[1]</arg>
<doc>Types the given ``text`` into the text field identified by ``locator``.</doc>
<msg timestamp="20230304 22:24:58.869" level="INFO">Typing text 'Linbohm' into text field 'lastname'.</msg>
<status status="PASS" starttime="20230304 22:24:58.867" endtime="20230304 22:24:58.946"/>
</kw>
<kw name="Input Text" library="Selenium2Library">
<arg>salesresult</arg>
<arg>${one_rep}[2]</arg>
<doc>Types the given ``text`` into the text field identified by ``locator``.</doc>
<msg timestamp="20230304 22:24:58.948" level="INFO">Typing text '80516' into text field 'salesresult'.</msg>
<status status="PASS" starttime="20230304 22:24:58.947" endtime="20230304 22:24:59.026"/>
</kw>
<kw name="Select From List By Value" library="Selenium2Library">
<arg>salestarget</arg>
<arg>${one_rep}[3]</arg>
<doc>Selects options from selection list ``locator`` by ``values``.</doc>
<msg timestamp="20230304 22:24:59.029" level="INFO">Selecting options from selection list 'salestarget' by value 10000.</msg>
<status status="PASS" starttime="20230304 22:24:59.027" endtime="20230304 22:24:59.282"/>
</kw>
<kw name="Click Button" library="Selenium2Library">
<arg>Submit</arg>
<doc>Clicks the button identified by ``locator``.</doc>
<msg timestamp="20230304 22:24:59.284" level="INFO">Clicking button 'Submit'.</msg>
<status status="PASS" starttime="20230304 22:24:59.283" endtime="20230304 22:24:59.799"/>
</kw>
<status status="PASS" starttime="20230304 22:24:58.742" endtime="20230304 22:24:59.799"/>
</iter>
<iter>
<var name="${in}">20</var>
<var name="${one_rep}">['Isaac', 'Asimov', '118852', '65000']</var>
<kw name="Input Text" library="Selenium2Library">
<arg>firstname</arg>
<arg>${one_rep}[0]</arg>
<doc>Types the given ``text`` into the text field identified by ``locator``.</doc>
<msg timestamp="20230304 22:24:59.802" level="INFO">Typing text 'Isaac' into text field 'firstname'.</msg>
<status status="PASS" starttime="20230304 22:24:59.801" endtime="20230304 22:24:59.896"/>
</kw>
<kw name="Input Text" library="Selenium2Library">
<arg>lastname</arg>
<arg>${one_rep}[1]</arg>
<doc>Types the given ``text`` into the text field identified by ``locator``.</doc>
<msg timestamp="20230304 22:24:59.898" level="INFO">Typing text 'Asimov' into text field 'lastname'.</msg>
<status status="PASS" starttime="20230304 22:24:59.897" endtime="20230304 22:24:59.966"/>
</kw>
<kw name="Input Text" library="Selenium2Library">
<arg>salesresult</arg>
<arg>${one_rep}[2]</arg>
<doc>Types the given ``text`` into the text field identified by ``locator``.</doc>
<msg timestamp="20230304 22:24:59.968" level="INFO">Typing text '118852' into text field 'salesresult'.</msg>
<status status="PASS" starttime="20230304 22:24:59.967" endtime="20230304 22:25:00.049"/>
</kw>
<kw name="Select From List By Value" library="Selenium2Library">
<arg>salestarget</arg>
<arg>${one_rep}[3]</arg>
<doc>Selects options from selection list ``locator`` by ``values``.</doc>
<msg timestamp="20230304 22:25:00.051" level="INFO">Selecting options from selection list 'salestarget' by value 65000.</msg>
<status status="PASS" starttime="20230304 22:25:00.049" endtime="20230304 22:25:00.319"/>
</kw>
<kw name="Click Button" library="Selenium2Library">
<arg>Submit</arg>
<doc>Clicks the button identified by ``locator``.</doc>
<msg timestamp="20230304 22:25:00.322" level="INFO">Clicking button 'Submit'.</msg>
<status status="PASS" starttime="20230304 22:25:00.319" endtime="20230304 22:25:00.564"/>
</kw>
<status status="PASS" starttime="20230304 22:24:59.800" endtime="20230304 22:25:00.565"/>
</iter>
<iter>
<var name="${in}">21</var>
<var name="${one_rep}">['Florence', 'Mundow', '122953', '10000']</var>
<kw name="Input Text" library="Selenium2Library">
<arg>firstname</arg>
<arg>${one_rep}[0]</arg>
<doc>Types the given ``text`` into the text field identified by ``locator``.</doc>
<msg timestamp="20230304 22:25:00.568" level="INFO">Typing text 'Florence' into text field 'firstname'.</msg>
<status status="PASS" starttime="20230304 22:25:00.567" endtime="20230304 22:25:00.700"/>
</kw>
<kw name="Input Text" library="Selenium2Library">
<arg>lastname</arg>
<arg>${one_rep}[1]</arg>
<doc>Types the given ``text`` into the text field identified by ``locator``.</doc>
<msg timestamp="20230304 22:25:00.705" level="INFO">Typing text 'Mundow' into text field 'lastname'.</msg>
<status status="PASS" starttime="20230304 22:25:00.701" endtime="20230304 22:25:00.795"/>
</kw>
<kw name="Input Text" library="Selenium2Library">
<arg>salesresult</arg>
<arg>${one_rep}[2]</arg>
<doc>Types the given ``text`` into the text field identified by ``locator``.</doc>
<msg timestamp="20230304 22:25:00.799" level="INFO">Typing text '122953' into text field 'salesresult'.</msg>
<status status="PASS" starttime="20230304 22:25:00.796" endtime="20230304 22:25:00.910"/>
</kw>
<kw name="Select From List By Value" library="Selenium2Library">
<arg>salestarget</arg>
<arg>${one_rep}[3]</arg>
<doc>Selects options from selection list ``locator`` by ``values``.</doc>
<msg timestamp="20230304 22:25:00.914" level="INFO">Selecting options from selection list 'salestarget' by value 10000.</msg>
<status status="PASS" starttime="20230304 22:25:00.911" endtime="20230304 22:25:01.195"/>
</kw>
<kw name="Click Button" library="Selenium2Library">
<arg>Submit</arg>
<doc>Clicks the button identified by ``locator``.</doc>
<msg timestamp="20230304 22:25:01.197" level="INFO">Clicking button 'Submit'.</msg>
<status status="PASS" starttime="20230304 22:25:01.196" endtime="20230304 22:25:02.059"/>
</kw>
<status status="PASS" starttime="20230304 22:25:00.566" endtime="20230304 22:25:02.060"/>
</iter>
<iter>
<var name="${in}">22</var>
<var name="${one_rep}">['Mahalia', 'Goodee', '46997', '45000']</var>
<kw name="Input Text" library="Selenium2Library">
<arg>firstname</arg>
<arg>${one_rep}[0]</arg>
<doc>Types the given ``text`` into the text field identified by ``locator``.</doc>
<msg timestamp="20230304 22:25:02.063" level="INFO">Typing text 'Mahalia' into text field 'firstname'.</msg>
<status status="PASS" starttime="20230304 22:25:02.062" endtime="20230304 22:25:02.148"/>
</kw>
<kw name="Input Text" library="Selenium2Library">
<arg>lastname</arg>
<arg>${one_rep}[1]</arg>
<doc>Types the given ``text`` into the text field identified by ``locator``.</doc>
<msg timestamp="20230304 22:25:02.150" level="INFO">Typing text 'Goodee' into text field 'lastname'.</msg>
<status status="PASS" starttime="20230304 22:25:02.148" endtime="20230304 22:25:02.221"/>
</kw>
<kw name="Input Text" library="Selenium2Library">
<arg>salesresult</arg>
<arg>${one_rep}[2]</arg>
<doc>Types the given ``text`` into the text field identified by ``locator``.</doc>
<msg timestamp="20230304 22:25:02.225" level="INFO">Typing text '46997' into text field 'salesresult'.</msg>
<status status="PASS" starttime="20230304 22:25:02.222" endtime="20230304 22:25:02.311"/>
</kw>
<kw name="Select From List By Value" library="Selenium2Library">
<arg>salestarget</arg>
<arg>${one_rep}[3]</arg>
<doc>Selects options from selection list ``locator`` by ``values``.</doc>
<msg timestamp="20230304 22:25:02.314" level="INFO">Selecting options from selection list 'salestarget' by value 45000.</msg>
<status status="PASS" starttime="20230304 22:25:02.312" endtime="20230304 22:25:02.585"/>
</kw>
<kw name="Click Button" library="Selenium2Library">
<arg>Submit</arg>
<doc>Clicks the button identified by ``locator``.</doc>
<msg timestamp="20230304 22:25:02.588" level="INFO">Clicking button 'Submit'.</msg>
<status status="PASS" starttime="20230304 22:25:02.586" endtime="20230304 22:25:04.078"/>
</kw>
<status status="PASS" starttime="20230304 22:25:02.061" endtime="20230304 22:25:04.078"/>
</iter>
<iter>
<var name="${in}">23</var>
<var name="${one_rep}">['Christy', 'Iwaszkiewicz', '91465', '100000']</var>
<kw name="Input Text" library="Selenium2Library">
<arg>firstname</arg>
<arg>${one_rep}[0]</arg>
<doc>Types the given ``text`` into the text field identified by ``locator``.</doc>
<msg timestamp="20230304 22:25:04.081" level="INFO">Typing text 'Christy' into text field 'firstname'.</msg>
<status status="PASS" starttime="20230304 22:25:04.080" endtime="20230304 22:25:04.174"/>
</kw>
<kw name="Input Text" library="Selenium2Library">
<arg>lastname</arg>
<arg>${one_rep}[1]</arg>
<doc>Types the given ``text`` into the text field identified by ``locator``.</doc>
<msg timestamp="20230304 22:25:04.176" level="INFO">Typing text 'Iwaszkiewicz' into text field 'lastname'.</msg>
<status status="PASS" starttime="20230304 22:25:04.174" endtime="20230304 22:25:04.263"/>
</kw>
<kw name="Input Text" library="Selenium2Library">
<arg>salesresult</arg>
<arg>${one_rep}[2]</arg>
<doc>Types the given ``text`` into the text field identified by ``locator``.</doc>
<msg timestamp="20230304 22:25:04.265" level="INFO">Typing text '91465' into text field 'salesresult'.</msg>
<status status="PASS" starttime="20230304 22:25:04.264" endtime="20230304 22:25:04.332"/>
</kw>
<kw name="Select From List By Value" library="Selenium2Library">
<arg>salestarget</arg>
<arg>${one_rep}[3]</arg>
<doc>Selects options from selection list ``locator`` by ``values``.</doc>
<msg timestamp="20230304 22:25:04.336" level="INFO">Selecting options from selection list 'salestarget' by value 100000.</msg>
<status status="PASS" starttime="20230304 22:25:04.332" endtime="20230304 22:25:04.600"/>
</kw>
<kw name="Click Button" library="Selenium2Library">
<arg>Submit</arg>
<doc>Clicks the button identified by ``locator``.</doc>
<msg timestamp="20230304 22:25:04.602" level="INFO">Clicking button 'Submit'.</msg>
<status status="PASS" starttime="20230304 22:25:04.601" endtime="20230304 22:25:04.895"/>
</kw>
<status status="PASS" starttime="20230304 22:25:04.079" endtime="20230304 22:25:04.895"/>
</iter>
<iter>
<var name="${in}">24</var>
<var name="${one_rep}">['Madelyn', 'Sire', '66825', '60000']</var>
<kw name="Input Text" library="Selenium2Library">
<arg>firstname</arg>
<arg>${one_rep}[0]</arg>
<doc>Types the given ``text`` into the text field identified by ``locator``.</doc>
<msg timestamp="20230304 22:25:04.898" level="INFO">Typing text 'Madelyn' into text field 'firstname'.</msg>
<status status="PASS" starttime="20230304 22:25:04.896" endtime="20230304 22:25:04.989"/>
</kw>
<kw name="Input Text" library="Selenium2Library">
<arg>lastname</arg>
<arg>${one_rep}[1]</arg>
<doc>Types the given ``text`` into the text field identified by ``locator``.</doc>
<msg timestamp="20230304 22:25:04.992" level="INFO">Typing text 'Sire' into text field 'lastname'.</msg>
<status status="PASS" starttime="20230304 22:25:04.990" endtime="20230304 22:25:05.058"/>
</kw>
<kw name="Input Text" library="Selenium2Library">
<arg>salesresult</arg>
<arg>${one_rep}[2]</arg>
<doc>Types the given ``text`` into the text field identified by ``locator``.</doc>
<msg timestamp="20230304 22:25:05.061" level="INFO">Typing text '66825' into text field 'salesresult'.</msg>
<status status="PASS" starttime="20230304 22:25:05.059" endtime="20230304 22:25:05.135"/>
</kw>
<kw name="Select From List By Value" library="Selenium2Library">
<arg>salestarget</arg>
<arg>${one_rep}[3]</arg>
<doc>Selects options from selection list ``locator`` by ``values``.</doc>
<msg timestamp="20230304 22:25:05.139" level="INFO">Selecting options from selection list 'salestarget' by value 60000.</msg>
<status status="PASS" starttime="20230304 22:25:05.136" endtime="20230304 22:25:05.416"/>
</kw>
<kw name="Click Button" library="Selenium2Library">
<arg>Submit</arg>
<doc>Clicks the button identified by ``locator``.</doc>
<msg timestamp="20230304 22:25:05.419" level="INFO">Clicking button 'Submit'.</msg>
<status status="PASS" starttime="20230304 22:25:05.417" endtime="20230304 22:25:05.658"/>
</kw>
<status status="PASS" starttime="20230304 22:25:04.896" endtime="20230304 22:25:05.659"/>
</iter>
<iter>
<var name="${in}">25</var>
<var name="${one_rep}">['Thurstan', 'Karus', '131244', '50000']</var>
<kw name="Input Text" library="Selenium2Library">
<arg>firstname</arg>
<arg>${one_rep}[0]</arg>
<doc>Types the given ``text`` into the text field identified by ``locator``.</doc>
<msg timestamp="20230304 22:25:05.664" level="INFO">Typing text 'Thurstan' into text field 'firstname'.</msg>
<status status="PASS" starttime="20230304 22:25:05.661" endtime="20230304 22:25:05.777"/>
</kw>
<kw name="Input Text" library="Selenium2Library">
<arg>lastname</arg>
<arg>${one_rep}[1]</arg>
<doc>Types the given ``text`` into the text field identified by ``locator``.</doc>
<msg timestamp="20230304 22:25:05.780" level="INFO">Typing text 'Karus' into text field 'lastname'.</msg>
<status status="PASS" starttime="20230304 22:25:05.778" endtime="20230304 22:25:05.874"/>
</kw>
<kw name="Input Text" library="Selenium2Library">
<arg>salesresult</arg>
<arg>${one_rep}[2]</arg>
<doc>Types the given ``text`` into the text field identified by ``locator``.</doc>
<msg timestamp="20230304 22:25:05.877" level="INFO">Typing text '131244' into text field 'salesresult'.</msg>
<status status="PASS" starttime="20230304 22:25:05.875" endtime="20230304 22:25:05.990"/>
</kw>
<kw name="Select From List By Value" library="Selenium2Library">
<arg>salestarget</arg>
<arg>${one_rep}[3]</arg>
<doc>Selects options from selection list ``locator`` by ``values``.</doc>
<msg timestamp="20230304 22:25:05.993" level="INFO">Selecting options from selection list 'salestarget' by value 50000.</msg>
<status status="PASS" starttime="20230304 22:25:05.991" endtime="20230304 22:25:06.276"/>
</kw>
<kw name="Click Button" library="Selenium2Library">
<arg>Submit</arg>
<doc>Clicks the button identified by ``locator``.</doc>
<msg timestamp="20230304 22:25:06.278" level="INFO">Clicking button 'Submit'.</msg>
<status status="PASS" starttime="20230304 22:25:06.277" endtime="20230304 22:25:06.543"/>
</kw>
<status status="PASS" starttime="20230304 22:25:05.660" endtime="20230304 22:25:06.543"/>
</iter>
<iter>
<var name="${in}">26</var>
<var name="${one_rep}">['Bibi', 'Rosita', '94131', '30000']</var>
<kw name="Input Text" library="Selenium2Library">
<arg>firstname</arg>
<arg>${one_rep}[0]</arg>
<doc>Types the given ``text`` into the text field identified by ``locator``.</doc>
<msg timestamp="20230304 22:25:06.549" level="INFO">Typing text 'Bibi' into text field 'firstname'.</msg>
<status status="PASS" starttime="20230304 22:25:06.545" endtime="20230304 22:25:06.660"/>
</kw>
<kw name="Input Text" library="Selenium2Library">
<arg>lastname</arg>
<arg>${one_rep}[1]</arg>
<doc>Types the given ``text`` into the text field identified by ``locator``.</doc>
<msg timestamp="20230304 22:25:06.663" level="INFO">Typing text 'Rosita' into text field 'lastname'.</msg>
<status status="PASS" starttime="20230304 22:25:06.661" endtime="20230304 22:25:06.761"/>
</kw>
<kw name="Input Text" library="Selenium2Library">
<arg>salesresult</arg>
<arg>${one_rep}[2]</arg>
<doc>Types the given ``text`` into the text field identified by ``locator``.</doc>
<msg timestamp="20230304 22:25:06.763" level="INFO">Typing text '94131' into text field 'salesresult'.</msg>
<status status="PASS" starttime="20230304 22:25:06.762" endtime="20230304 22:25:06.846"/>
</kw>
<kw name="Select From List By Value" library="Selenium2Library">
<arg>salestarget</arg>
<arg>${one_rep}[3]</arg>
<doc>Selects options from selection list ``locator`` by ``values``.</doc>
<msg timestamp="20230304 22:25:06.852" level="INFO">Selecting options from selection list 'salestarget' by value 30000.</msg>
<status status="PASS" starttime="20230304 22:25:06.847" endtime="20230304 22:25:07.125"/>
</kw>
<kw name="Click Button" library="Selenium2Library">
<arg>Submit</arg>
<doc>Clicks the button identified by ``locator``.</doc>
<msg timestamp="20230304 22:25:07.127" level="INFO">Clicking button 'Submit'.</msg>
<status status="PASS" starttime="20230304 22:25:07.126" endtime="20230304 22:25:07.389"/>
</kw>
<status status="PASS" starttime="20230304 22:25:06.544" endtime="20230304 22:25:07.390"/>
</iter>
<iter>
<var name="${in}">27</var>
<var name="${one_rep}">['Abbe', 'Aldcorn', '97489', '60000']</var>
<kw name="Input Text" library="Selenium2Library">
<arg>firstname</arg>
<arg>${one_rep}[0]</arg>
<doc>Types the given ``text`` into the text field identified by ``locator``.</doc>
<msg timestamp="20230304 22:25:07.393" level="INFO">Typing text 'Abbe' into text field 'firstname'.</msg>
<status status="PASS" starttime="20230304 22:25:07.391" endtime="20230304 22:25:07.482"/>
</kw>
<kw name="Input Text" library="Selenium2Library">
<arg>lastname</arg>
<arg>${one_rep}[1]</arg>
<doc>Types the given ``text`` into the text field identified by ``locator``.</doc>
<msg timestamp="20230304 22:25:07.486" level="INFO">Typing text 'Aldcorn' into text field 'lastname'.</msg>
<status status="PASS" starttime="20230304 22:25:07.483" endtime="20230304 22:25:07.557"/>
</kw>
<kw name="Input Text" library="Selenium2Library">
<arg>salesresult</arg>
<arg>${one_rep}[2]</arg>
<doc>Types the given ``text`` into the text field identified by ``locator``.</doc>
<msg timestamp="20230304 22:25:07.559" level="INFO">Typing text '97489' into text field 'salesresult'.</msg>
<status status="PASS" starttime="20230304 22:25:07.557" endtime="20230304 22:25:07.658"/>
</kw>
<kw name="Select From List By Value" library="Selenium2Library">
<arg>salestarget</arg>
<arg>${one_rep}[3]</arg>
<doc>Selects options from selection list ``locator`` by ``values``.</doc>
<msg timestamp="20230304 22:25:07.660" level="INFO">Selecting options from selection list 'salestarget' by value 60000.</msg>
<status status="PASS" starttime="20230304 22:25:07.658" endtime="20230304 22:25:07.936"/>
</kw>
<kw name="Click Button" library="Selenium2Library">
<arg>Submit</arg>
<doc>Clicks the button identified by ``locator``.</doc>
<msg timestamp="20230304 22:25:07.938" level="INFO">Clicking button 'Submit'.</msg>
<status status="PASS" starttime="20230304 22:25:07.937" endtime="20230304 22:25:08.195"/>
</kw>
<status status="PASS" starttime="20230304 22:25:07.390" endtime="20230304 22:25:08.198"/>
</iter>
<iter>
<var name="${in}">28</var>
<var name="${one_rep}">['Ariadne', 'Kiessel', '86637', '70000']</var>
<kw name="Input Text" library="Selenium2Library">
<arg>firstname</arg>
<arg>${one_rep}[0]</arg>
<doc>Types the given ``text`` into the text field identified by ``locator``.</doc>
<msg timestamp="20230304 22:25:08.203" level="INFO">Typing text 'Ariadne' into text field 'firstname'.</msg>
<status status="PASS" starttime="20230304 22:25:08.200" endtime="20230304 22:25:08.311"/>
</kw>
<kw name="Input Text" library="Selenium2Library">
<arg>lastname</arg>
<arg>${one_rep}[1]</arg>
<doc>Types the given ``text`` into the text field identified by ``locator``.</doc>
<msg timestamp="20230304 22:25:08.317" level="INFO">Typing text 'Kiessel' into text field 'lastname'.</msg>
<status status="PASS" starttime="20230304 22:25:08.311" endtime="20230304 22:25:08.421"/>
</kw>
<kw name="Input Text" library="Selenium2Library">
<arg>salesresult</arg>
<arg>${one_rep}[2]</arg>
<doc>Types the given ``text`` into the text field identified by ``locator``.</doc>
<msg timestamp="20230304 22:25:08.425" level="INFO">Typing text '86637' into text field 'salesresult'.</msg>
<status status="PASS" starttime="20230304 22:25:08.422" endtime="20230304 22:25:08.526"/>
</kw>
<kw name="Select From List By Value" library="Selenium2Library">
<arg>salestarget</arg>
<arg>${one_rep}[3]</arg>
<doc>Selects options from selection list ``locator`` by ``values``.</doc>
<msg timestamp="20230304 22:25:08.532" level="INFO">Selecting options from selection list 'salestarget' by value 70000.</msg>
<status status="PASS" starttime="20230304 22:25:08.527" endtime="20230304 22:25:08.815"/>
</kw>
<kw name="Click Button" library="Selenium2Library">
<arg>Submit</arg>
<doc>Clicks the button identified by ``locator``.</doc>
<msg timestamp="20230304 22:25:08.817" level="INFO">Clicking button 'Submit'.</msg>
<status status="PASS" starttime="20230304 22:25:08.816" endtime="20230304 22:25:09.073"/>
</kw>
<status status="PASS" starttime="20230304 22:25:08.199" endtime="20230304 22:25:09.074"/>
</iter>
<iter>
<var name="${in}">29</var>
<var name="${one_rep}">['Tiffany', 'Emerine', '124313', '50000']</var>
<kw name="Input Text" library="Selenium2Library">
<arg>firstname</arg>
<arg>${one_rep}[0]</arg>
<doc>Types the given ``text`` into the text field identified by ``locator``.</doc>
<msg timestamp="20230304 22:25:09.080" level="INFO">Typing text 'Tiffany' into text field 'firstname'.</msg>
<status status="PASS" starttime="20230304 22:25:09.076" endtime="20230304 22:25:09.191"/>
</kw>
<kw name="Input Text" library="Selenium2Library">
<arg>lastname</arg>
<arg>${one_rep}[1]</arg>
<doc>Types the given ``text`` into the text field identified by ``locator``.</doc>
<msg timestamp="20230304 22:25:09.194" level="INFO">Typing text 'Emerine' into text field 'lastname'.</msg>
<status status="PASS" starttime="20230304 22:25:09.191" endtime="20230304 22:25:09.293"/>
</kw>
<kw name="Input Text" library="Selenium2Library">
<arg>salesresult</arg>
<arg>${one_rep}[2]</arg>
<doc>Types the given ``text`` into the text field identified by ``locator``.</doc>
<msg timestamp="20230304 22:25:09.300" level="INFO">Typing text '124313' into text field 'salesresult'.</msg>
<status status="PASS" starttime="20230304 22:25:09.296" endtime="20230304 22:25:09.392"/>
</kw>
<kw name="Select From List By Value" library="Selenium2Library">
<arg>salestarget</arg>
<arg>${one_rep}[3]</arg>
<doc>Selects options from selection list ``locator`` by ``values``.</doc>
<msg timestamp="20230304 22:25:09.398" level="INFO">Selecting options from selection list 'salestarget' by value 50000.</msg>
<status status="PASS" starttime="20230304 22:25:09.393" endtime="20230304 22:25:09.680"/>
</kw>
<kw name="Click Button" library="Selenium2Library">
<arg>Submit</arg>
<doc>Clicks the button identified by ``locator``.</doc>
<msg timestamp="20230304 22:25:09.681" level="INFO">Clicking button 'Submit'.</msg>
<status status="PASS" starttime="20230304 22:25:09.680" endtime="20230304 22:25:09.907"/>
</kw>
<status status="PASS" starttime="20230304 22:25:09.075" endtime="20230304 22:25:09.907"/>
</iter>
<iter>
<var name="${in}">30</var>
<var name="${one_rep}">['Jelene', 'Pridden', '91489', '35000']</var>
<kw name="Input Text" library="Selenium2Library">
<arg>firstname</arg>
<arg>${one_rep}[0]</arg>
<doc>Types the given ``text`` into the text field identified by ``locator``.</doc>
[...]
<status status="PASS" starttime="20230304 22:25:20.012" endtime="20230304 22:25:20.092"/>
</kw>
<kw name="Select From List By Value" library="Selenium2Library">
<arg>salestarget</arg>
<arg>${one_rep}[3]</arg>
<doc>Selects options from selection list ``locator`` by ``values``.</doc>
<msg timestamp="20230304 22:25:20.095" level="INFO">Selecting options from selection list 'salestarget' by value 85000.</msg>
<status status="PASS" starttime="20230304 22:25:20.093" endtime="20230304 22:25:20.358"/>
</kw>
<kw name="Click Button" library="Selenium2Library">
<arg>Submit</arg>
<doc>Clicks the button identified by ``locator``.</doc>
<msg timestamp="20230304 22:25:20.360" level="INFO">Clicking button 'Submit'.</msg>
<status status="PASS" starttime="20230304 22:25:20.359" endtime="20230304 22:25:20.572"/>
</kw>
<status status="PASS" starttime="20230304 22:25:19.848" endtime="20230304 22:25:20.573"/>
</iter>
<iter>
<var name="${in}">42</var>
<var name="${one_rep}">['Jenine', 'Kidby', '133576', '60000']</var>
<kw name="Input Text" library="Selenium2Library">
<arg>firstname</arg>
<arg>${one_rep}[0]</arg>
<doc>Types the given ``text`` into the text field identified by ``locator``.</doc>
<msg timestamp="20230304 22:25:20.579" level="INFO">Typing text 'Jenine' into text field 'firstname'.</msg>
<status status="PASS" starttime="20230304 22:25:20.575" endtime="20230304 22:25:20.663"/>
</kw>
<kw name="Input Text" library="Selenium2Library">
<arg>lastname</arg>
<arg>${one_rep}[1]</arg>
<doc>Types the given ``text`` into the text field identified by ``locator``.</doc>
<msg timestamp="20230304 22:25:20.664" level="INFO">Typing text 'Kidby' into text field 'lastname'.</msg>
<status status="PASS" starttime="20230304 22:25:20.663" endtime="20230304 22:25:20.732"/>
</kw>
<kw name="Input Text" library="Selenium2Library">
<arg>salesresult</arg>
<arg>${one_rep}[2]</arg>
<doc>Types the given ``text`` into the text field identified by ``locator``.</doc>
<msg timestamp="20230304 22:25:20.738" level="INFO">Typing text '133576' into text field 'salesresult'.</msg>
<status status="PASS" starttime="20230304 22:25:20.732" endtime="20230304 22:25:20.815"/>
</kw>
<kw name="Select From List By Value" library="Selenium2Library">
<arg>salestarget</arg>
<arg>${one_rep}[3]</arg>
<doc>Selects options from selection list ``locator`` by ``values``.</doc>
<msg timestamp="20230304 22:25:20.821" level="INFO">Selecting options from selection list 'salestarget' by value 60000.</msg>
<status status="PASS" starttime="20230304 22:25:20.818" endtime="20230304 22:25:21.088"/>
</kw>
<kw name="Click Button" library="Selenium2Library">
<arg>Submit</arg>
<doc>Clicks the button identified by ``locator``.</doc>
<msg timestamp="20230304 22:25:21.090" level="INFO">Clicking button 'Submit'.</msg>
<status status="PASS" starttime="20230304 22:25:21.089" endtime="20230304 22:25:21.368"/>
</kw>
<status status="PASS" starttime="20230304 22:25:20.573" endtime="20230304 22:25:21.369"/>
</iter>
<iter>
<var name="${in}">43</var>
<var name="${one_rep}">['Hortensia', 'Leal', '29530', '70000']</var>
<kw name="Input Text" library="Selenium2Library">
<arg>firstname</arg>
<arg>${one_rep}[0]</arg>
<doc>Types the given ``text`` into the text field identified by ``locator``.</doc>
<msg timestamp="20230304 22:25:21.375" level="INFO">Typing text 'Hortensia' into text field 'firstname'.</msg>
<status status="PASS" starttime="20230304 22:25:21.371" endtime="20230304 22:25:21.504"/>
</kw>
<kw name="Input Text" library="Selenium2Library">
<arg>lastname</arg>
<arg>${one_rep}[1]</arg>
<doc>Types the given ``text`` into the text field identified by ``locator``.</doc>
<msg timestamp="20230304 22:25:21.507" level="INFO">Typing text 'Leal' into text field 'lastname'.</msg>
<status status="PASS" starttime="20230304 22:25:21.504" endtime="20230304 22:25:21.597"/>
</kw>
<kw name="Input Text" library="Selenium2Library">
<arg>salesresult</arg>
<arg>${one_rep}[2]</arg>
<doc>Types the given ``text`` into the text field identified by ``locator``.</doc>
<msg timestamp="20230304 22:25:21.602" level="INFO">Typing text '29530' into text field 'salesresult'.</msg>
<status status="PASS" starttime="20230304 22:25:21.598" endtime="20230304 22:25:21.728"/>
</kw>
<kw name="Select From List By Value" library="Selenium2Library">
<arg>salestarget</arg>
<arg>${one_rep}[3]</arg>
<doc>Selects options from selection list ``locator`` by ``values``.</doc>
<msg timestamp="20230304 22:25:21.732" level="INFO">Selecting options from selection list 'salestarget' by value 70000.</msg>
<status status="PASS" starttime="20230304 22:25:21.729" endtime="20230304 22:25:22.038"/>
</kw>
<kw name="Click Button" library="Selenium2Library">
<arg>Submit</arg>
<doc>Clicks the button identified by ``locator``.</doc>
<msg timestamp="20230304 22:25:22.041" level="INFO">Clicking button 'Submit'.</msg>
<status status="PASS" starttime="20230304 22:25:22.039" endtime="20230304 22:25:22.392"/>
</kw>
<status status="PASS" starttime="20230304 22:25:21.370" endtime="20230304 22:25:22.393"/>
</iter>
<iter>
<var name="${in}">44</var>
<var name="${one_rep}">['Regina', 'Gurling', '86186', '15000']</var>
<kw name="Input Text" library="Selenium2Library">
<arg>firstname</arg>
<arg>${one_rep}[0]</arg>
<doc>Types the given ``text`` into the text field identified by ``locator``.</doc>
<msg timestamp="20230304 22:25:22.397" level="INFO">Typing text 'Regina' into text field 'firstname'.</msg>
<status status="PASS" starttime="20230304 22:25:22.394" endtime="20230304 22:25:22.534"/>
</kw>
<kw name="Input Text" library="Selenium2Library">
<arg>lastname</arg>
<arg>${one_rep}[1]</arg>
<doc>Types the given ``text`` into the text field identified by ``locator``.</doc>
<msg timestamp="20230304 22:25:22.538" level="INFO">Typing text 'Gurling' into text field 'lastname'.</msg>
<status status="PASS" starttime="20230304 22:25:22.535" endtime="20230304 22:25:22.644"/>
</kw>
<kw name="Input Text" library="Selenium2Library">
<arg>salesresult</arg>
<arg>${one_rep}[2]</arg>
<doc>Types the given ``text`` into the text field identified by ``locator``.</doc>
<msg timestamp="20230304 22:25:22.649" level="INFO">Typing text '86186' into text field 'salesresult'.</msg>
<status status="PASS" starttime="20230304 22:25:22.645" endtime="20230304 22:25:22.775"/>
</kw>
<kw name="Select From List By Value" library="Selenium2Library">
<arg>salestarget</arg>
<arg>${one_rep}[3]</arg>
<doc>Selects options from selection list ``locator`` by ``values``.</doc>
<msg timestamp="20230304 22:25:22.779" level="INFO">Selecting options from selection list 'salestarget' by value 15000.</msg>
<status status="PASS" starttime="20230304 22:25:22.776" endtime="20230304 22:25:23.078"/>
</kw>
<kw name="Click Button" library="Selenium2Library">
<arg>Submit</arg>
<doc>Clicks the button identified by ``locator``.</doc>
<msg timestamp="20230304 22:25:23.083" level="INFO">Clicking button 'Submit'.</msg>
<status status="PASS" starttime="20230304 22:25:23.079" endtime="20230304 22:25:23.345"/>
</kw>
<status status="PASS" starttime="20230304 22:25:22.394" endtime="20230304 22:25:23.346"/>
</iter>
<iter>
<var name="${in}">45</var>
<var name="${one_rep}">['Valenka', 'Tantrum', '137708', '65000']</var>
<kw name="Input Text" library="Selenium2Library">
<arg>firstname</arg>
<arg>${one_rep}[0]</arg>
<doc>Types the given ``text`` into the text field identified by ``locator``.</doc>
<msg timestamp="20230304 22:25:23.353" level="INFO">Typing text 'Valenka' into text field 'firstname'.</msg>
<status status="PASS" starttime="20230304 22:25:23.350" endtime="20230304 22:25:23.463"/>
</kw>
<kw name="Input Text" library="Selenium2Library">
<arg>lastname</arg>
<arg>${one_rep}[1]</arg>
<doc>Types the given ``text`` into the text field identified by ``locator``.</doc>
<msg timestamp="20230304 22:25:23.469" level="INFO">Typing text 'Tantrum' into text field 'lastname'.</msg>
<status status="PASS" starttime="20230304 22:25:23.466" endtime="20230304 22:25:23.574"/>
</kw>
<kw name="Input Text" library="Selenium2Library">
<arg>salesresult</arg>
<arg>${one_rep}[2]</arg>
<doc>Types the given ``text`` into the text field identified by ``locator``.</doc>
<msg timestamp="20230304 22:25:23.578" level="INFO">Typing text '137708' into text field 'salesresult'.</msg>
<status status="PASS" starttime="20230304 22:25:23.575" endtime="20230304 22:25:23.679"/>
</kw>
<kw name="Select From List By Value" library="Selenium2Library">
<arg>salestarget</arg>
<arg>${one_rep}[3]</arg>
<doc>Selects options from selection list ``locator`` by ``values``.</doc>
<msg timestamp="20230304 22:25:23.681" level="INFO">Selecting options from selection list 'salestarget' by value 65000.</msg>
<status status="PASS" starttime="20230304 22:25:23.679" endtime="20230304 22:25:23.985"/>
</kw>
<kw name="Click Button" library="Selenium2Library">
<arg>Submit</arg>
<doc>Clicks the button identified by ``locator``.</doc>
<msg timestamp="20230304 22:25:23.988" level="INFO">Clicking button 'Submit'.</msg>
<status status="PASS" starttime="20230304 22:25:23.986" endtime="20230304 22:25:24.210"/>
</kw>
<status status="PASS" starttime="20230304 22:25:23.349" endtime="20230304 22:25:24.210"/>
</iter>
<iter>
<var name="${in}">46</var>
<var name="${one_rep}">['Dorie', 'Batistelli', '42450', '95000']</var>
<kw name="Input Text" library="Selenium2Library">
<arg>firstname</arg>
<arg>${one_rep}[0]</arg>
<doc>Types the given ``text`` into the text field identified by ``locator``.</doc>
<msg timestamp="20230304 22:25:24.216" level="INFO">Typing text 'Dorie' into text field 'firstname'.</msg>
<status status="PASS" starttime="20230304 22:25:24.212" endtime="20230304 22:25:24.305"/>
</kw>
<kw name="Input Text" library="Selenium2Library">
<arg>lastname</arg>
<arg>${one_rep}[1]</arg>
<doc>Types the given ``text`` into the text field identified by ``locator``.</doc>
<msg timestamp="20230304 22:25:24.307" level="INFO">Typing text 'Batistelli' into text field 'lastname'.</msg>
<status status="PASS" starttime="20230304 22:25:24.305" endtime="20230304 22:25:24.391"/>
</kw>
<kw name="Input Text" library="Selenium2Library">
<arg>salesresult</arg>
<arg>${one_rep}[2]</arg>
<doc>Types the given ``text`` into the text field identified by ``locator``.</doc>
<msg timestamp="20230304 22:25:24.393" level="INFO">Typing text '42450' into text field 'salesresult'.</msg>
<status status="PASS" starttime="20230304 22:25:24.391" endtime="20230304 22:25:24.473"/>
</kw>
<kw name="Select From List By Value" library="Selenium2Library">
<arg>salestarget</arg>
<arg>${one_rep}[3]</arg>
<doc>Selects options from selection list ``locator`` by ``values``.</doc>
<msg timestamp="20230304 22:25:24.475" level="INFO">Selecting options from selection list 'salestarget' by value 95000.</msg>
<status status="PASS" starttime="20230304 22:25:24.474" endtime="20230304 22:25:24.732"/>
</kw>
<kw name="Click Button" library="Selenium2Library">
<arg>Submit</arg>
<doc>Clicks the button identified by ``locator``.</doc>
<msg timestamp="20230304 22:25:24.733" level="INFO">Clicking button 'Submit'.</msg>
<status status="PASS" starttime="20230304 22:25:24.732" endtime="20230304 22:25:24.960"/>
</kw>
<status status="PASS" starttime="20230304 22:25:24.211" endtime="20230304 22:25:24.961"/>
</iter>
<iter>
<var name="${in}">47</var>
<var name="${one_rep}">['Abra', 'Heap', '5937', '100000']</var>
<kw name="Input Text" library="Selenium2Library">
<arg>firstname</arg>
<arg>${one_rep}[0]</arg>
<doc>Types the given ``text`` into the text field identified by ``locator``.</doc>
<msg timestamp="20230304 22:25:24.971" level="INFO">Typing text 'Abra' into text field 'firstname'.</msg>
<status status="PASS" starttime="20230304 22:25:24.966" endtime="20230304 22:25:25.045"/>
</kw>
<kw name="Input Text" library="Selenium2Library">
<arg>lastname</arg>
<arg>${one_rep}[1]</arg>
<doc>Types the given ``text`` into the text field identified by ``locator``.</doc>
<msg timestamp="20230304 22:25:25.052" level="INFO">Typing text 'Heap' into text field 'lastname'.</msg>
<status status="PASS" starttime="20230304 22:25:25.048" endtime="20230304 22:25:25.109"/>
</kw>
<kw name="Input Text" library="Selenium2Library">
<arg>salesresult</arg>
<arg>${one_rep}[2]</arg>
<doc>Types the given ``text`` into the text field identified by ``locator``.</doc>
<msg timestamp="20230304 22:25:25.111" level="INFO">Typing text '5937' into text field 'salesresult'.</msg>
<status status="PASS" starttime="20230304 22:25:25.110" endtime="20230304 22:25:25.189"/>
</kw>
<kw name="Select From List By Value" library="Selenium2Library">
<arg>salestarget</arg>
<arg>${one_rep}[3]</arg>
<doc>Selects options from selection list ``locator`` by ``values``.</doc>
<msg timestamp="20230304 22:25:25.192" level="INFO">Selecting options from selection list 'salestarget' by value 100000.</msg>
<status status="PASS" starttime="20230304 22:25:25.190" endtime="20230304 22:25:25.466"/>
</kw>
<kw name="Click Button" library="Selenium2Library">
<arg>Submit</arg>
<doc>Clicks the button identified by ``locator``.</doc>
<msg timestamp="20230304 22:25:25.468" level="INFO">Clicking button 'Submit'.</msg>
<status status="PASS" starttime="20230304 22:25:25.467" endtime="20230304 22:25:25.725"/>
</kw>
<status status="PASS" starttime="20230304 22:25:24.961" endtime="20230304 22:25:25.725"/>
</iter>
<iter>
<var name="${in}">48</var>
<var name="${one_rep}">['Petronille', 'Lesor', '54805', '85000']</var>
<kw name="Input Text" library="Selenium2Library">
<arg>firstname</arg>
<arg>${one_rep}[0]</arg>
<doc>Types the given ``text`` into the text field identified by ``locator``.</doc>
<msg timestamp="20230304 22:25:25.733" level="INFO">Typing text 'Petronille' into text field 'firstname'.</msg>
<status status="PASS" starttime="20230304 22:25:25.728" endtime="20230304 22:25:25.844"/>
</kw>
<kw name="Input Text" library="Selenium2Library">
<arg>lastname</arg>
<arg>${one_rep}[1]</arg>
<doc>Types the given ``text`` into the text field identified by ``locator``.</doc>
<msg timestamp="20230304 22:25:25.851" level="INFO">Typing text 'Lesor' into text field 'lastname'.</msg>
<status status="PASS" starttime="20230304 22:25:25.847" endtime="20230304 22:25:25.942"/>
</kw>
<kw name="Input Text" library="Selenium2Library">
<arg>salesresult</arg>
<arg>${one_rep}[2]</arg>
<doc>Types the given ``text`` into the text field identified by ``locator``.</doc>
<msg timestamp="20230304 22:25:25.947" level="INFO">Typing text '54805' into text field 'salesresult'.</msg>
<status status="PASS" starttime="20230304 22:25:25.943" endtime="20230304 22:25:26.060"/>
</kw>
<kw name="Select From List By Value" library="Selenium2Library">
<arg>salestarget</arg>
<arg>${one_rep}[3]</arg>
<doc>Selects options from selection list ``locator`` by ``values``.</doc>
<msg timestamp="20230304 22:25:26.067" level="INFO">Selecting options from selection list 'salestarget' by value 85000.</msg>
<status status="PASS" starttime="20230304 22:25:26.063" endtime="20230304 22:25:26.352"/>
</kw>
<kw name="Click Button" library="Selenium2Library">
<arg>Submit</arg>
<doc>Clicks the button identified by ``locator``.</doc>
<msg timestamp="20230304 22:25:26.355" level="INFO">Clicking button 'Submit'.</msg>
<status status="PASS" starttime="20230304 22:25:26.353" endtime="20230304 22:25:26.650"/>
</kw>
<status status="PASS" starttime="20230304 22:25:25.726" endtime="20230304 22:25:26.651"/>
</iter>
<iter>
<var name="${in}">49</var>
<var name="${one_rep}">['Vincenty', 'Stannering', '109884', '30000']</var>
<kw name="Input Text" library="Selenium2Library">
<arg>firstname</arg>
<arg>${one_rep}[0]</arg>
<doc>Types the given ``text`` into the text field identified by ``locator``.</doc>
<msg timestamp="20230304 22:25:26.655" level="INFO">Typing text 'Vincenty' into text field 'firstname'.</msg>
<status status="PASS" starttime="20230304 22:25:26.652" endtime="20230304 22:25:26.824"/>
</kw>
<kw name="Input Text" library="Selenium2Library">
<arg>lastname</arg>
<arg>${one_rep}[1]</arg>
<doc>Types the given ``text`` into the text field identified by ``locator``.</doc>
<msg timestamp="20230304 22:25:26.828" level="INFO">Typing text 'Stannering' into text field 'lastname'.</msg>
<status status="PASS" starttime="20230304 22:25:26.825" endtime="20230304 22:25:26.972"/>
</kw>
<kw name="Input Text" library="Selenium2Library">
<arg>salesresult</arg>
<arg>${one_rep}[2]</arg>
<doc>Types the given ``text`` into the text field identified by ``locator``.</doc>
<msg timestamp="20230304 22:25:26.975" level="INFO">Typing text '109884' into text field 'salesresult'.</msg>
<status status="PASS" starttime="20230304 22:25:26.973" endtime="20230304 22:25:27.136"/>
</kw>
<kw name="Select From List By Value" library="Selenium2Library">
<arg>salestarget</arg>
<arg>${one_rep}[3]</arg>
<doc>Selects options from selection list ``locator`` by ``values``.</doc>
<msg timestamp="20230304 22:25:27.140" level="INFO">Selecting options from selection list 'salestarget' by value 30000.</msg>
<status status="PASS" starttime="20230304 22:25:27.137" endtime="20230304 22:25:27.414"/>
</kw>
<kw name="Click Button" library="Selenium2Library">
<arg>Submit</arg>
<doc>Clicks the button identified by ``locator``.</doc>
<msg timestamp="20230304 22:25:27.417" level="INFO">Clicking button 'Submit'.</msg>
<status status="PASS" starttime="20230304 22:25:27.415" endtime="20230304 22:25:27.687"/>
</kw>
<status status="PASS" starttime="20230304 22:25:26.651" endtime="20230304 22:25:27.688"/>
</iter>
<status status="PASS" starttime="20230304 22:24:42.412" endtime="20230304 22:25:27.689"/>
</for>
<status status="PASS" starttime="20230304 22:24:42.411" endtime="20230304 22:25:27.689"/>
</kw>
<status status="PASS" starttime="20230304 22:24:42.366" endtime="20230304 22:25:27.690"/>
</kw>
<status status="PASS" starttime="20230304 22:24:42.353" endtime="20230304 22:25:27.691"/>
</kw>
<kw name="Collect the results">
<kw name="Capture Element Screenshot" library="Selenium2Library">
<arg>css:div.sales-summary</arg>
<arg>sales_summary.png</arg>
<doc>Captures a screenshot from the element identified by ``locator`` and embeds it into log file.</doc>
<msg timestamp="20230304 22:25:27.741" level="INFO" html="true">&lt;/td&gt;&lt;/tr&gt;&lt;tr&gt;&lt;td colspan="3"&gt;&lt;a href="sales_summary.png"&gt;&lt;img src="sales_summary.png" width="400px"&gt;&lt;/a&gt;</msg>
<status status="PASS" starttime="20230304 22:25:27.693" endtime="20230304 22:25:27.742"/>
</kw>
<status status="PASS" starttime="20230304 22:25:27.691" endtime="20230304 22:25:27.743"/>
</kw>
<status status="PASS" starttime="20230304 22:24:28.673" endtime="20230304 22:25:27.749"/>
</test>
<doc>Template robot main suite</doc>
<status status="PASS" starttime="20230304 22:24:26.918" endtime="20230304 22:25:27.754"/>
</suite>
<status status="PASS" starttime="20230304 22:24:26.912" endtime="20230304 22:25:27.759"/>
</suite>
<status status="PASS" starttime="20230304 22:24:26.826" endtime="20230304 22:25:27.767"/>
</suite>
<statistics>
<total>
<stat pass="1" fail="0" skip="0">All Tests</stat>
</total>
<tag>
</tag>
<suite>
<stat pass="1" fail="0" skip="0" id="s1" name="Automationprogramming">Automationprogramming</stat>
<stat pass="1" fail="0" skip="0" id="s1-s1" name="Robocorp">Automationprogramming.Robocorp</stat>
<stat pass="1" fail="0" skip="0" id="s1-s1-s1" name="One">Automationprogramming.Robocorp.One</stat>
</suite>
</statistics>
<errors>
<msg timestamp="20230304 22:24:41.368" level="WARN">Keyword 'RequestsLibrary.Get Request' is deprecated. Please use `GET On Session` instead.</msg>
</errors>
</robot>
