<?xml version="1.0" encoding="UTF-8"?>
<robot generator="Robot 6.0.2 (Python 3.10.10 on win32)" generated="20230304 16:37:45.170" rpa="false" schemaversion="3">
<suite id="s1" name="Automationprogramming" source="E:\MyLearnings\ProjectWork\automationprogramming">
<suite id="s1-s1" name="Robocorp" source="E:\MyLearnings\ProjectWork\automationprogramming\robocorp">
<suite id="s1-s1-s1" name="One" source="E:\MyLearnings\ProjectWork\automationprogramming\robocorp\one.robot">
<test id="s1-s1-s1-t1" name="Open the website" line="71">
<kw name="Open the intranet website">
<kw name="Open Browser" library="Selenium2Library">
<arg>${URL}</arg>
<doc>Opens a new browser instance to the optional ``url``.</doc>
<msg timestamp="20230304 16:37:47.150" level="INFO">Opening browser 'firefox' to base url 'https://robotsparebinindustries.com/'.</msg>
<msg timestamp="20230304 16:37:47.153" level="INFO">Firefox driver log is always forced to to: E:\MyLearnings\ProjectWork\automationprogramming\results\geckodriver-1.log</msg>
<status status="PASS" starttime="20230304 16:37:47.148" endtime="20230304 16:37:57.073"/>
</kw>
<status status="PASS" starttime="20230304 16:37:47.147" endtime="20230304 16:37:57.074"/>
</kw>
<kw name="Log In">
<kw name="Input Text" library="Selenium2Library">
<arg>username</arg>
<arg>maria</arg>
<doc>Types the given ``text`` into the text field identified by ``locator``.</doc>
<msg timestamp="20230304 16:37:57.083" level="INFO">Typing text 'maria' into text field 'username'.</msg>
<status status="PASS" starttime="20230304 16:37:57.075" endtime="20230304 16:37:57.386"/>
</kw>
<kw name="Input Password" library="Selenium2Library">
<arg>password</arg>
<arg>thoushallnotpass</arg>
<doc>Types the given password into the text field identified by ``locator``.</doc>
<msg timestamp="20230304 16:37:57.389" level="INFO">Typing password into text field 'password'.</msg>
<msg timestamp="20230304 16:37:57.451" level="INFO">Temporally setting log level to: NONE</msg>
<msg timestamp="20230304 16:37:57.517" level="INFO">Log level changed from NONE to INFO.</msg>
<status status="PASS" starttime="20230304 16:37:57.387" endtime="20230304 16:37:57.518"/>
</kw>
<kw name="Submit Form" library="Selenium2Library">
<doc>Submits a form identified by ``locator``.</doc>
<msg timestamp="20230304 16:37:57.519" level="INFO">Submitting form 'None'.</msg>
<status status="PASS" starttime="20230304 16:37:57.518" endtime="20230304 16:37:57.582"/>
</kw>
<kw name="Wait Until Page Contains Element" library="Selenium2Library">
<arg>id:sales-form</arg>
<doc>Waits until the element ``locator`` appears on the current page.</doc>
<status status="PASS" starttime="20230304 16:37:57.582" endtime="20230304 16:37:59.332"/>
</kw>
<status status="PASS" starttime="20230304 16:37:57.075" endtime="20230304 16:37:59.332"/>
</kw>
<kw name="Download the Excel file">
<kw name="Create Session" library="RequestsLibrary">
<arg>test</arg>
<arg>https://robotsparebinindustries.com/</arg>
<doc>Create Session: create a HTTP session to a server</doc>
<msg timestamp="20230304 16:37:59.335" level="INFO">Creating Session using : alias=test, url=https://robotsparebinindustries.com/, headers={},                     cookies={}, auth=None, timeout=None, proxies=None, verify=False,                     debug=0 </msg>
<status status="PASS" starttime="20230304 16:37:59.334" endtime="20230304 16:37:59.336"/>
</kw>
<kw name="Get Request" library="RequestsLibrary">
<var>${response}</var>
<arg>test</arg>
<arg>https://robotsparebinindustries.com/SalesData.xlsx</arg>
<doc>*DEPRECATED* Please use `GET On Session` instead.</doc>
<msg timestamp="20230304 16:37:59.337" level="WARN">Keyword 'RequestsLibrary.Get Request' is deprecated. Please use `GET On Session` instead.</msg>
<msg timestamp="20230304 16:37:59.665" level="INFO">GET Request : url=https://robotsparebinindustries.com/SalesData.xlsx 
 path_url=/SalesData.xlsx 
 headers={'User-Agent': 'python-requests/2.28.2', 'Accept-Encoding': 'gzip, deflate', 'Accept': '*/*', 'Connection': 'keep-alive'} 
 body=None 
 </msg>
<msg timestamp="20230304 16:37:59.797" level="INFO">GET Response : url=https://robotsparebinindustries.com/SalesData.xlsx 
 status=200, reason=OK 
 headers={'Connection': 'keep-alive', 'Content-Length': '7949', 'Server': 'GitHub.com', 'Content-Type': 'application/vnd.openxmlformats-officedocument.spreadsheetml.sheet', 'Last-Modified': 'Fri, 13 Aug 2021 11:27:04 GMT', 'Access-Control-Allow-Origin': '*', 'Strict-Transport-Security': 'max-age=31556952', 'ETag': '"61165708-1f0d"', 'expires': 'Sat, 04 Mar 2023 11:15:09 GMT', 'Cache-Control': 'max-age=600', 'x-proxy-cache': 'MISS', 'X-GitHub-Request-Id': 'A028:23A5:3463C:4951B:640325E5', 'Accept-Ranges': 'bytes', 'Date': 'Sat, 04 Mar 2023 11:07:59 GMT', 'Via': '1.1 varnish', 'Age': '82', 'X-Served-By': 'cache-ccu830027-CCU', 'X-Cache': 'HIT', 'X-Cache-Hits': '2', 'X-Timer': 'S1677928080.785744,VS0,VE0', 'Vary': 'Accept-Encoding', 'X-Fastly-Request-ID': 'bed8e92b7d692c8609209c1db137554730107275'} 
 body=PKTC�P��U��;_rels/.rels���j�0��}
�{���1F�^Ơ�2��l%1�-#�[��3��JlGI������aR���Sl�����h���7�������v�{��H�����J'�F"� ���%���#e������u}����S\���6Z�����8#,1��6��\��{�F;�ǲΟ���5\��^���[| {�΂ѡ��dR�ft�F�ķ�&lt;���B4~�����PKTC�P!��docProps/core.xmlm�Mk�@D��
���n Y��SI`�C��a��;~&amp;��K�E�z�y��Z~Sd�]�ںQ%9��qs�&gt;ޟ�'5�C�&gt;�k��2�wz����q!��΄�姏VK�q���g�S�&lt;�%ѓ��*FuWNx(�W\w��@+Yr���-��B�򿃽9ȍ�A�����s�Q����~�2�E;$C�PKTC�P���/��docProps/app.xml���
�0�{�"�ަz)������lڀ��Z��|��0���br��&lt;T����å���R����5R����L�\�C�T�+�9U���X�~���Z�a$�􀬎u}R�3�S�(�b��!�����+dO��PKTC�P����rxl/workbook.xml�OAn� ��h�	�J#�2�Uͽm�Ԭ�a-�u��G�z쉙Yfv��_���1&amp;GA��F�Вq�������`�V�D��Itf�{Hu�`sk�Sk�봡C�u�΅ƞS׹�~y�?
���˪dݘ�����4F�&amp;Y��[��.�j��&gt;NI�K^)��\04I(�,x[�4�3ٖ���ww�]os+Q	������˂�(�謁����X���lg�b�K5��PKTC�P�[��xl/_rels/workbook.xml.rels���j�0��y
��ZvZJ)�s	�\�����LlIh�?y�nSHb��Č�3��V��qP�����@U��0����3�{�{�u�X��`Y���)�	d�3�g��y-1a��6�Ѳ���d��v��e���eԓL�m�mS���';�m�p�ǈ��Th�6c��Y.Cls�l`b�
�:�rV&gt;xIqԷ���g��s�Q���-��9�bޓG�3���}-YN0z����PKTC�PYȻ���Uxl/theme/theme1.xml�\�n�8}�Wz]��lɗ�N'kt��5�,���)[EiI:M��;��M�v��{Hr���P:y��6a�2N���޹�Ey��c���_-�N��oޓ#��	�����[��#Ǒ!d�.�(��(	Q�g-�7h%a��uGNBbn��S�Q��,w	�*oDPF�Tn�L�'	��_�&gt;.;�'����!���y�������)�a3�5/�9~�T����y���tp'c�����uq�P�����!����_L��Y�m�r�����~�h��O��y0m�5���'��?��~��������Z��Ə��OG~o@[����f��D)��_,��4�������5��zrK�e4"!�&gt;RvCU�3�Q��Q� ��=�I�~j�N�&lt;�X�A[E1c���siz+S��i�R55��B]��ȖH�?��^nIj&lt;�a#��7��R	���m&lt;F�U�˥h�&gt;��&lt;{�t	U3&amp;��MEC��S���S���'j�~m��ڜ�5aYXDo	�h���dH]k�����S乍9ڒ5��n��L������/cd�cd���o��o�̓A`[!�fv��$��$��a��C���7�i?�&lt;�?d���LHuF�6�e������������^'�/셳?�4�h���I(��-}y��׳�f�;}��m�����}�c:}^����#�S�TF���@�X���گ��}�򑖚�o'�(���y��n�g� ���݆������c����æv�K�i&lt;ÙT�X�����3xBܱ&lt;Gf�ʅ��򃇧���i���p��H�;�n:��cӣ��xV��n)45�,���?'R-� ������G�RGZH��M�}_���QJm��������֖*Q
�R��4eF1�ƈ�&gt;%3I	���[�.�f��Ւ��T��O���̂����FKuBĹi�#�|6�U���������|���EGDN��N�&gt;���6�[x��f��a�=��0�g�;�N1/�.�,N�%��'�zW��v@��['�/�+Qx���S#*�*i�s��"��#5	�fU�t%��o%�k��.�9`@��㮬r�K�$����:H��{������f}�Ӈ�`+�т���NgC�?Z���L�)u%=GI]���%�2sk��`��W�������w�d�"1
��#ȑ&gt;�j��#ȑ&gt;�k����HG��#r9�Ǒ���9���Ȩ��9���ȸ��9���Ȥ��9����4+�F�W��4���ma���a?/W�A���&lt;c�����`uA���MAe�ؿ�E9���~0���E@Q�j�&lt;�B���B ���]����H�#G0@��=r���#G0@��=r9�z�����������7w�T+*,'�ȸ6��i����_��F��|��#��#G0���@&gt;r���#G0���@���E�������_���PKTC�P��ӹ1xl/worksheets/sheet1.xml��_s����)4z�Sb�	ndgb3N:M��t�&gt;k-��D���o_����=#tl�&lt;qt�ß����v��k��z;W7�|V��u�������n���W˷����R��������K�&gt;,ǧ�r�:�ԇr����n�v����l�����N�r�.t����ܮ��ZǗ�p���Ŵu&lt;4�j=ta��ڭ���n������Ϛrs;�A}x�z��[�W��q���w���7����w��/��OM���ڗ�aϺܬN۶��Po�έ�[\@��C?6�gt��T���v�nu�.m�^��\V�/mז�I糧ӱ�w�}�Y}j�]~)_�m�:2�׵�����To���ٮ���V��Ƌ��Fe*וּ�ݖÑ�r�Ωs+���|�������*�&lt;�����|y�9�l.'S}�=��^Nv}�mlϳ�O.%g��6c���X���eS�͆;e64�]�"w��5?t�n�{���~�|�K��׾ճ��W&lt;�B���+~T�1&gt;�~���;CW��J�u�]����p=�\��2Wz8��\�r��bz���s4Ͼ8w8pD1�h��|�f��"c�h8����F)���)Ȣ)�(`�Ę2P�L�"g�̤�2�},������G����$H�e�e�s���-|���rW6�*�q�B�s�	{`�i%(�f��
��D��T0�Řʰ&lt;$	O�lZ�.�v�@�ʸ�,��ŸrX��'��*��ZL��B�����O9��� �A�O�9I�_������6"l�*V/_A��d�`i�斿~=E"쬘x;�̩(s
*�yfHJy/-e�d�;�T�]_(���C���P�+L���I��pS*�E
AB��4&lt;C�ɗ�O��N2��B����C!Ph�%�����b�!����@��B䡢�C!Xĉ��8��B��4�'�����(Q�q"h NR?	��[�SHo�B��@D!f����0�|��..�9_"�	�GTHT�(��&lt;4�'S��:��d�	�d�D��DE��B� HAi���Kr�r�wx�B|���D#{(�����G�䎿�tr�p�D��DGщF�0&lt;N$����K,���W��NtNt���0���@&lt;8Q�Y&gt;\�)R!+5���DG��F�0&lt;L$폅h�[ߡ��:�!:�Qt��&lt;�I��D{t�Qeƽy�p@':D':�N4���04&amp;�Ї2)�_!��4��቎���a!O��&gt;��y��Љщ����a!M�IưR�P*|�4�NtNt�hy"h O��E��s׆�NtNt�ha"h L&lt;��3�8��
�6�!6�(6!䎔ǉ��qBS�piʩ� ^�q`
�	E�	!w�&lt;K$���C�#��/�88��P����|/ix��=��ܔ�@��6��M��0G�4��i�&lt;M�&amp;0OC�F�	gjBlBQlB�)�I�ㄼ	�D�,�'p�=	lB!6�(6!��D�@�X&gt;����%R�M(�&amp;�&amp;�ܑA��o�D���T]:!�
�	E�	!xd�&amp;��ć��p)�ˮV�	������&lt;2A�⍜��%�| �
�	E�	!xd�&amp;���!g&lt;rW�u�Btb��� y8(�������0��\�0@'&amp;D'&amp;�N�_Ep/ix�=Ҏ��X��
'�Ą��D��A�p&lt;N$�3e�9���'�%k'&amp;'&amp;
N���Y"ix�NT�����\��1'&amp;��$n!�����XL�!�&lt;q��p�JBtb��� y�&amp;���C�~��8{m"�����(819ĉ��8I��q�A��k뀀ML�ML���D�@����,�5&amp;�D�5�&amp;&amp;�&amp;&amp;�MrGy"h O&lt;����&lt;��������(61�9����0����0�`�#��Ą��F��E�P	,Q�D�H̓�&gt;V�	�׀8�!8�Qpb����ǉ(�ybٴM����$Ґ�&gt;�!&gt;�Q|bGP���=�z�]���}����to1YV|X=��X5���8ۖ��g�M��3vs�h�ð��s�v�E��j]6��;����}c1��ϲ=f��9���_O���|yS������a���yv|Z����9�G�B�l���};,����mVU;�����z�����^��o�e��h����ͻe�^���z�;|�0����S�~�s�}-��i5��&lt;���^&gt;���f&lt;6Ȕ~�}x�����ŗ��Z���m���PKTC�PS��Կ�	xl/sharedStrings.xmluVMoA��W .=5K���*B�GI ���G�ٵ�:3%��F�T��{�����^�v���$�����A�Ǿ
F|}�Y���_�.�)�^��W�����/��=��OW�&amp;��עHUÎ�eرW�&amp;DGYƺH��dRÜ�-&gt;�G���a��0��5�=9y4,Nֿ�%���L�S����Xs&gt;��h/��x�����:&gt;C���s�km�P	����B��o�Mp)a��a�ms��ֳ����{-�������ЎWJ$����)Z�}�&gt;c�K��&gt;Ϲy���m�4vCt|ʈS�:@�Y�E��9ad*���h��l��t��+�uG���h��I��R�xn\�%o!�1f��ckZg����sG��ûY�T����b����иs��DTA�8��܆�Z��Zo��S�"0��C�i�X��;PzS,��0����g���ܪ��]Pl�t)a&amp;O!I(㲄Tck�q����m]�ײِ?"8v��[F�ccPe��: ӡ
0y�Kb��u+B�-Nv]�����X�Z�V�vP/%��M#�_ہ�k��Bߡ$	���B���yu�/%�Â׭
`eu�����_�K$�S��"�t��K�L	��1�Orɨ�O\KW�OW��3�3���5�[���8ʪ�;�5����Ó���Т`.9�ѫ��yԤgZ�P�96��PKTC�Pä���xl/styles.xml�X[o�0~ﯰ����Pu������Vګ� �#�����J��jB�`��w�wr�]��*����2�,��a�3���q�io�+��JV�H�X������hEr\^�0�I�ȱTS���ǥv�)9��8c0��:_�_3��nE��~�T�X�9�I�F��&gt;��C?�E��~�&lt;c�p]mq��XL*�pgZ�pN�͝�jT뻇0z�;��Df�dMCy''Ӈp�osӕ�(�Vj
� �,%l�&amp;�?n
Un�YM�ؽ`�
�qG��%�Y��H�t\G�,k1^K��C�v�N�r�Al�y��1Q�M�Ò�X���!f��&gt;%�T�"KW�.y��&lt;W�8�)g���G��E��,��fEڮ0���D�X+�&amp;�!����B�O�n����Z�We򪊠���ލàĆ6ةlON���CD(}�h���-�J��g�qQ���:_�0�v+]p�_����}5!���R����O�%��9�8*	ܘ�C��u��eV����t�L�3�r\����ӻi�����#l��{4w��{�v �-p�H*�l�/��a2�2�2���&lt;�t۫CŻ���&amp;;��]�B���B�\L{]�K���b�|��LP}���wN�[)�o�x�s�TI�w�Ψ̘����Ya�U{r6Z����Fq����C�/Ǽ��ti�L�A��1�v��ث_s��q�_�F��9��!-?�9��̙zxԧ���Ӑ���i"�?�۫=j~Ծ���PKTC�P�܊��[Content_Types].xml���n�0E���(�*1tQU�Ei�-R��x��l��w
��@�I��{g�N2�6��j0�+9��� �@f�qY���G�O'��N��p���tN�b���� 1�+#��GSM�5-�&lt;�$Sҁt���d4��n*�7��"Go�u�jS�+�Q�i�$��lXKvR]�WY�d�Ɩ\��n����ā��J��a����R� ��a��y���0�:�Ih����gÜPu�Yd�{���g�T��������A7�mnr��e�p�Jۻ���7�pќ�I�d�Fi���@�\���z:�(�q8�^G����S�Sc�.�n*�Uf�Tj}�u`ȩ�\��%5������w/���:ܮ��Њ�qv�A��ux�+s���Z�ކw������?���/PK&gt;TC�P��U��;_rels/.relsPK&gt;TC�P!��docProps/core.xmlPK&gt;TC�P���/��docProps/app.xmlPK&gt;TC�P����r�xl/workbook.xmlPK&gt;TC�P�[��xl/_rels/workbook.xml.relsPK&gt;TC�PYȻ���U2xl/theme/theme1.xmlPK&gt;TC�P��ӹ1axl/worksheets/sheet1.xmlPK&gt;TC�PS��Կ�	dxl/sharedStrings.xmlPK&gt;TC�Pä���ixl/styles.xmlPK&gt;TC�P�܊���[Content_Types].xmlPK

�w 
 </msg>
<msg timestamp="20230304 16:37:59.799" level="INFO">C:\Users\Admin\AppData\Local\Programs\Python\Python310\lib\site-packages\urllib3\connectionpool.py:1045: InsecureRequestWarning: Unverified HTTPS request is being made to host 'robotsparebinindustries.com'. Adding certificate verification is strongly advised. See: https://urllib3.readthedocs.io/en/1.26.x/advanced-usage.html#ssl-warnings
  warnings.warn(</msg>
<msg timestamp="20230304 16:37:59.812" level="INFO">${response} = &lt;Response [200]&gt;</msg>
<status status="PASS" starttime="20230304 16:37:59.336" endtime="20230304 16:37:59.813"/>
</kw>
<kw name="Run Keyword And Continue On Failure" library="BuiltIn">
<arg>Should Be Equal As Numbers</arg>
<arg>${response.status_code}</arg>
<arg>200</arg>
<doc>Runs the keyword and continues execution even if a failure occurs.</doc>
<kw name="Should Be Equal As Numbers" library="BuiltIn">
<arg>${response.status_code}</arg>
<arg>200</arg>
<doc>Fails if objects are unequal after converting them to real numbers.</doc>
<msg timestamp="20230304 16:37:59.818" level="INFO">Argument types are:
&lt;class 'int'&gt;
&lt;class 'str'&gt;</msg>
<status status="PASS" starttime="20230304 16:37:59.816" endtime="20230304 16:37:59.820"/>
</kw>
<status status="PASS" starttime="20230304 16:37:59.814" endtime="20230304 16:37:59.820"/>
</kw>
<kw name="Create Binary File" library="OperatingSystem">
<arg>${EXECDIR}/robocorp/SalesData.xlsx</arg>
<arg>${response.content}</arg>
<doc>Creates a binary file with the given content.</doc>
<msg timestamp="20230304 16:37:59.823" level="INFO" html="true">Created binary file '&lt;a href="file://E:\MyLearnings\ProjectWork\automationprogramming\robocorp\SalesData.xlsx"&gt;E:\MyLearnings\ProjectWork\automationprogramming\robocorp\SalesData.xlsx&lt;/a&gt;'.</msg>
<status status="PASS" starttime="20230304 16:37:59.820" endtime="20230304 16:37:59.829"/>
</kw>
<status status="PASS" starttime="20230304 16:37:59.333" endtime="20230304 16:37:59.830"/>
</kw>
<kw name="Fill Sales Form using the data from the Excel file">
<kw name="Use excel handling">
<kw name="Open And Read Excel File" library="excelhandling">
<var>${excel_val}</var>
<arg>data</arg>
<arg>${EXCELFILE}</arg>
<msg timestamp="20230304 16:37:59.881" level="INFO">['David', 'Heazel', '80193', '30000']</msg>
<msg timestamp="20230304 16:37:59.882" level="INFO">${excel_val} = [['David', 'Heazel', '80193', '30000']]</msg>
<status status="PASS" starttime="20230304 16:37:59.836" endtime="20230304 16:37:59.884"/>
</kw>
<kw name="Fill and submit the form for one person">
<arg>${excel_val}</arg>
<for flavor="IN">
<var>${one_rep}</var>
<value>${sales_rep}</value>
<iter>
<var name="${one_rep}">[['David', 'Heazel', '80193', '30000']]</var>
<kw name="Log" library="BuiltIn">
<arg>${one_rep}</arg>
<doc>Logs the given message with the given level.</doc>
<msg timestamp="20230304 16:37:59.888" level="INFO">[['David', 'Heazel', '80193', '30000']]</msg>
<status status="PASS" starttime="20230304 16:37:59.887" endtime="20230304 16:37:59.889"/>
</kw>
<for flavor="IN ENUMERATE">
<var>${index}</var>
<var>${item}</var>
<value>${one_rep}</value>
<iter>
<var name="${index}">0</var>
<var name="${item}">[['David', 'Heazel', '80193', '30000']]</var>
<kw name="Input Text" library="Selenium2Library">
<arg>firstname</arg>
<arg>${item[${index}][0]}</arg>
<doc>Types the given ``text`` into the text field identified by ``locator``.</doc>
<msg timestamp="20230304 16:37:59.899" level="INFO">Typing text 'David' into text field 'firstname'.</msg>
<status status="PASS" starttime="20230304 16:37:59.896" endtime="20230304 16:37:59.955"/>
</kw>
<kw name="Input Text" library="Selenium2Library">
<arg>lastname</arg>
<arg>${item[${index}][1]}</arg>
<doc>Types the given ``text`` into the text field identified by ``locator``.</doc>
<msg timestamp="20230304 16:37:59.961" level="INFO">Typing text 'Heazel' into text field 'lastname'.</msg>
<status status="PASS" starttime="20230304 16:37:59.956" endtime="20230304 16:38:00.022"/>
</kw>
<kw name="Input Text" library="Selenium2Library">
<arg>salesresult</arg>
<arg>${item[${index}][2]}</arg>
<doc>Types the given ``text`` into the text field identified by ``locator``.</doc>
<msg timestamp="20230304 16:38:00.029" level="INFO">Typing text '80193' into text field 'salesresult'.</msg>
<status status="PASS" starttime="20230304 16:38:00.023" endtime="20230304 16:38:00.102"/>
</kw>
<kw name="Select From List By Value" library="Selenium2Library">
<arg>salestarget</arg>
<arg>${item[${index}][3]}</arg>
<doc>Selects options from selection list ``locator`` by ``values``.</doc>
<msg timestamp="20230304 16:38:00.105" level="INFO">Selecting options from selection list 'salestarget' by value 30000.</msg>
<status status="PASS" starttime="20230304 16:38:00.102" endtime="20230304 16:38:00.400"/>
</kw>
<kw name="Click Button" library="Selenium2Library">
<arg>Submit</arg>
<doc>Clicks the button identified by ``locator``.</doc>
<msg timestamp="20230304 16:38:00.401" level="INFO">Clicking button 'Submit'.</msg>
<status status="PASS" starttime="20230304 16:38:00.400" endtime="20230304 16:38:00.601"/>
</kw>
<status status="PASS" starttime="20230304 16:37:59.895" endtime="20230304 16:38:00.601"/>
</iter>
<status status="PASS" starttime="20230304 16:37:59.889" endtime="20230304 16:38:00.602"/>
</for>
<status status="PASS" starttime="20230304 16:37:59.886" endtime="20230304 16:38:00.602"/>
</iter>
<status status="PASS" starttime="20230304 16:37:59.885" endtime="20230304 16:38:00.602"/>
</for>
<status status="PASS" starttime="20230304 16:37:59.884" endtime="20230304 16:38:00.603"/>
</kw>
<status status="PASS" starttime="20230304 16:37:59.835" endtime="20230304 16:38:00.604"/>
</kw>
<status status="PASS" starttime="20230304 16:37:59.834" endtime="20230304 16:38:00.604"/>
</kw>
<status status="PASS" starttime="20230304 16:37:47.143" endtime="20230304 16:38:00.611"/>
</test>
<doc>Template robot main suite</doc>
<status status="PASS" starttime="20230304 16:37:45.237" endtime="20230304 16:38:00.626"/>
</suite>
<status status="PASS" starttime="20230304 16:37:45.228" endtime="20230304 16:38:00.632"/>
</suite>
<status status="PASS" starttime="20230304 16:37:45.178" endtime="20230304 16:38:00.637"/>
</suite>
<statistics>
<total>
<stat pass="1" fail="0" skip="0">All Tests</stat>
</total>
<tag>
</tag>
<suite>
<stat pass="1" fail="0" skip="0" id="s1" name="Automationprogramming">Automationprogramming</stat>
<stat pass="1" fail="0" skip="0" id="s1-s1" name="Robocorp">Automationprogramming.Robocorp</stat>
<stat pass="1" fail="0" skip="0" id="s1-s1-s1" name="One">Automationprogramming.Robocorp.One</stat>
</suite>
</statistics>
<errors>
<msg timestamp="20230304 16:37:59.337" level="WARN">Keyword 'RequestsLibrary.Get Request' is deprecated. Please use `GET On Session` instead.</msg>
</errors>
</robot>
